#
# There is insufficient memory for the Java Runtime Environment to continue.
# Native memory allocation (mmap) failed to map 179306496 bytes for committing reserved memory.
# Possible reasons:
#   The system is out of physical RAM or swap space
#   In 32 bit mode, the process size limit was hit
# Possible solutions:
#   Reduce memory load on the system
#   Increase physical memory or swap space
#   Check if swap backing store is full
#   Use 64 bit Java on a 64 bit OS
#   Decrease Java heap size (-Xmx/-Xms)
#   Decrease number of Java threads
#   Decrease Java thread stack sizes (-Xss)
#   Set larger code cache with -XX:ReservedCodeCacheSize=
# This output file may be truncated or incomplete.
#
#  Out of Memory Error (os_linux.cpp:2627), pid=14357, tid=140444255598336
#
# JRE version: Java(TM) SE Runtime Environment (8.0_60-b27) (build 1.8.0_60-b27)
# Java VM: Java HotSpot(TM) 64-Bit Server VM (25.60-b23 mixed mode linux-amd64 compressed oops)
# Failed to write core dump. Core dumps have been disabled. To enable core dumping, try "ulimit -c unlimited" before starting Java again
#

---------------  T H R E A D  ---------------

Current thread (0x00007fbbcc078000):  VMThread [stack: 0x00007fbbb9e73000,0x00007fbbb9f74000] [id=14376]

Stack: [0x00007fbbb9e73000,0x00007fbbb9f74000],  sp=0x00007fbbb9f72260,  free space=1020k
Native frames: (J=compiled Java code, j=interpreted, Vv=VM code, C=native code)
V  [libjvm.so+0xab97ea]  VMError::report_and_die()+0x2ba
V  [libjvm.so+0x4f9dab]  report_vm_out_of_memory(char const*, int, unsigned long, VMErrorType, char const*)+0x8b
V  [libjvm.so+0x91a7c3]  os::Linux::commit_memory_impl(char*, unsigned long, bool)+0x103
V  [libjvm.so+0x91ad19]  os::pd_commit_memory(char*, unsigned long, unsigned long, bool)+0x29
V  [libjvm.so+0x91502a]  os::commit_memory(char*, unsigned long, unsigned long, bool)+0x2a
V  [libjvm.so+0x9886d3]  PSVirtualSpace::expand_by(unsigned long)+0x53
V  [libjvm.so+0x989ad8]  PSYoungGen::resize_generation(unsigned long, unsigned long)+0xf8
V  [libjvm.so+0x988c32]  PSYoungGen::resize(unsigned long, unsigned long)+0x22
V  [libjvm.so+0x985f0b]  PSScavenge::invoke_no_policy()+0xf3b
V  [libjvm.so+0x986691]  PSScavenge::invoke()+0x41
V  [libjvm.so+0x93e430]  ParallelScavengeHeap::failed_mem_allocate(unsigned long)+0x70
V  [libjvm.so+0xabb207]  VM_ParallelGCFailedAllocation::doit()+0x97
V  [libjvm.so+0xac2c35]  VM_Operation::evaluate()+0x55
V  [libjvm.so+0xac100a]  VMThread::evaluate_operation(VM_Operation*)+0xba
V  [libjvm.so+0xac138e]  VMThread::loop()+0x1ce
V  [libjvm.so+0xac1800]  VMThread::run()+0x70
V  [libjvm.so+0x91cb88]  java_start(Thread*)+0x108

VM_Operation (0x00007fbbb9370b40): ParallelGCFailedAllocation, mode: safepoint, requested by thread 0x00007fbbcc135800


---------------  P R O C E S S  ---------------

Java Threads: ( => current thread )
  0x00007fbbcc143800 JavaThread "pool-1-thread-4" [_thread_blocked, id=14403, stack(0x00007fbbb8e6e000,0x00007fbbb8f6f000)]
  0x00007fbbcc141800 JavaThread "pool-1-thread-3" [_thread_blocked, id=14402, stack(0x00007fbbb8f6f000,0x00007fbbb9070000)]
  0x00007fbbcc138800 JavaThread "pool-1-thread-2" [_thread_blocked, id=14401, stack(0x00007fbbb9070000,0x00007fbbb9171000)]
  0x00007fbbcc137800 JavaThread "pool-2-thread-1" [_thread_blocked, id=14400, stack(0x00007fbbb9171000,0x00007fbbb9272000)]
  0x00007fbbcc135800 JavaThread "pool-1-thread-1" [_thread_blocked, id=14399, stack(0x00007fbbb9272000,0x00007fbbb9373000)]
  0x00007fbbcc0c2000 JavaThread "Service Thread" daemon [_thread_blocked, id=14389, stack(0x00007fbbb94a3000,0x00007fbbb95a4000)]
  0x00007fbbcc0bd000 JavaThread "C1 CompilerThread2" daemon [_thread_blocked, id=14387, stack(0x00007fbbb95a4000,0x00007fbbb96a5000)]
  0x00007fbbcc0bb000 JavaThread "C2 CompilerThread1" daemon [_thread_blocked, id=14385, stack(0x00007fbbb96a5000,0x00007fbbb97a6000)]
  0x00007fbbcc0b8000 JavaThread "C2 CompilerThread0" daemon [_thread_blocked, id=14384, stack(0x00007fbbb97a6000,0x00007fbbb98a7000)]
  0x00007fbbcc0b6800 JavaThread "Signal Dispatcher" daemon [_thread_blocked, id=14382, stack(0x00007fbbb98a7000,0x00007fbbb99a8000)]
  0x00007fbbcc07f000 JavaThread "Finalizer" daemon [_thread_blocked, id=14381, stack(0x00007fbbb9c71000,0x00007fbbb9d72000)]
  0x00007fbbcc07d000 JavaThread "Reference Handler" daemon [_thread_blocked, id=14379, stack(0x00007fbbb9d72000,0x00007fbbb9e73000)]
  0x00007fbbcc00a000 JavaThread "main" [_thread_blocked, id=14367, stack(0x00007fbbd4561000,0x00007fbbd4662000)]

Other Threads:
=>0x00007fbbcc078000 VMThread [stack: 0x00007fbbb9e73000,0x00007fbbb9f74000] [id=14376]
  0x00007fbbcc0c4800 WatcherThread [stack: 0x00007fbbb93a2000,0x00007fbbb94a3000] [id=14391]

VM state:at safepoint (normal execution)

VM Mutex/Monitor currently owned by a thread:  ([mutex/lock_event])
[0x00007fbbcc006470] Threads_lock - owner thread: 0x00007fbbcc078000
[0x00007fbbcc006970] Heap_lock - owner thread: 0x00007fbbcc135800

Heap:
 PSYoungGen      total 130048K, used 5088K [0x00000000eab00000, 0x00000000f2f00000, 0x0000000100000000)
  eden space 124928K, 0% used [0x00000000eab00000,0x00000000eab00000,0x00000000f2500000)
  from space 5120K, 99% used [0x00000000f2500000,0x00000000f29f8070,0x00000000f2a00000)
  to   space 5120K, 0% used [0x00000000f2a00000,0x00000000f2a00000,0x00000000f2f00000)
 ParOldGen       total 83456K, used 46579K [0x00000000c0000000, 0x00000000c5180000, 0x00000000eab00000)
  object space 83456K, 55% used [0x00000000c0000000,0x00000000c2d7ce30,0x00000000c5180000)
 Metaspace       used 6169K, capacity 7088K, committed 7296K, reserved 1056768K
  class space    used 588K, capacity 616K, committed 640K, reserved 1048576K

Card table byte_map: [0x00007fbbd10d7000,0x00007fbbd12d8000] byte_map_base: 0x00007fbbd0ad7000

Marking Bits: (ParMarkBitMap*) 0x00007fbbd3a06de0
 Begin Bits: [0x00007fbbbb000000, 0x00007fbbbc000000)
 End Bits:   [0x00007fbbbc000000, 0x00007fbbbd000000)

Polling page: 0x00007fbbd4560000

CodeCache: size=245760Kb used=6962Kb max_used=6962Kb free=238797Kb
 bounds [0x00007fbbbd000000, 0x00007fbbbd6e0000, 0x00007fbbcc000000]
 total_blobs=2049 nmethods=1781 adapters=182
 compilation: enabled

Compilation events (10 events):
Event: 6.611 Thread 0x00007fbbcc0bd000 nmethod 1958 0x00007fbbbd6cc390 code [0x00007fbbbd6cc580, 0x00007fbbbd6ccae8]
Event: 6.611 Thread 0x00007fbbcc0bd000 1959       2       com.android.dx.dex.file.AnnotationsDirectoryItem::<init> (27 bytes)
Event: 6.611 Thread 0x00007fbbcc0bd000 nmethod 1959 0x00007fbbbd6ccd50 code [0x00007fbbbd6ccec0, 0x00007fbbbd6cd088]
Event: 6.611 Thread 0x00007fbbcc0bd000 1960       2       com.android.dx.dex.cf.AttributeTranslator::translateEnclosingMethod (50 bytes)
Event: 6.611 Thread 0x00007fbbcc0bd000 nmethod 1960 0x00007fbbbd6cd110 code [0x00007fbbbd6cd300, 0x00007fbbbd6cd888]
Event: 6.611 Thread 0x00007fbbcc0bd000 1951       2       com.android.dx.ssa.LiteralOpUpgrader::isConstIntZeroOrKnownNull (34 bytes)
Event: 6.611 Thread 0x00007fbbcc0bd000 nmethod 1951 0x00007fbbbd6cdd10 code [0x00007fbbbd6cde80, 0x00007fbbbd6ce088]
Event: 6.634 Thread 0x00007fbbcc0bd000 1963 %     3       com.android.dx.ssa.DomFront::calcDomFronts @ 67 (154 bytes)
Event: 6.636 Thread 0x00007fbbcc0bd000 nmethod 1963% 0x00007fbbbd6ce510 code [0x00007fbbbd6ce760, 0x00007fbbbd6cf468]
Event: 6.636 Thread 0x00007fbbcc0bd000 1962       3       com.android.dx.ssa.ConstCollector::getConstsSortedByCountUse (386 bytes)

GC Heap History (9 events):
Event: 2.681 GC heap before
{Heap before GC invocations=1 (full 0):
 PSYoungGen      total 36352K, used 31232K [0x00000000eab00000, 0x00000000ed380000, 0x0000000100000000)
  eden space 31232K, 100% used [0x00000000eab00000,0x00000000ec980000,0x00000000ec980000)
  from space 5120K, 0% used [0x00000000ece80000,0x00000000ece80000,0x00000000ed380000)
  to   space 5120K, 0% used [0x00000000ec980000,0x00000000ec980000,0x00000000ece80000)
 ParOldGen       total 83456K, used 0K [0x00000000c0000000, 0x00000000c5180000, 0x00000000eab00000)
  object space 83456K, 0% used [0x00000000c0000000,0x00000000c0000000,0x00000000c5180000)
 Metaspace       used 5667K, capacity 6704K, committed 6784K, reserved 1056768K
  class space    used 584K, capacity 616K, committed 640K, reserved 1048576K
Event: 2.710 GC heap after
Heap after GC invocations=1 (full 0):
 PSYoungGen      total 36352K, used 4879K [0x00000000eab00000, 0x00000000ef200000, 0x0000000100000000)
  eden space 31232K, 0% used [0x00000000eab00000,0x00000000eab00000,0x00000000ec980000)
  from space 5120K, 95% used [0x00000000ec980000,0x00000000ece43da0,0x00000000ece80000)
  to   space 5120K, 0% used [0x00000000eed00000,0x00000000eed00000,0x00000000ef200000)
 ParOldGen       total 83456K, used 0K [0x00000000c0000000, 0x00000000c5180000, 0x00000000eab00000)
  object space 83456K, 0% used [0x00000000c0000000,0x00000000c0000000,0x00000000c5180000)
 Metaspace       used 5667K, capacity 6704K, committed 6784K, reserved 1056768K
  class space    used 584K, capacity 616K, committed 640K, reserved 1048576K
}
Event: 3.683 GC heap before
{Heap before GC invocations=2 (full 0):
 PSYoungGen      total 36352K, used 36111K [0x00000000eab00000, 0x00000000ef200000, 0x0000000100000000)
  eden space 31232K, 100% used [0x00000000eab00000,0x00000000ec980000,0x00000000ec980000)
  from space 5120K, 95% used [0x00000000ec980000,0x00000000ece43da0,0x00000000ece80000)
  to   space 5120K, 0% used [0x00000000eed00000,0x00000000eed00000,0x00000000ef200000)
 ParOldGen       total 83456K, used 0K [0x00000000c0000000, 0x00000000c5180000, 0x00000000eab00000)
  object space 83456K, 0% used [0x00000000c0000000,0x00000000c0000000,0x00000000c5180000)
 Metaspace       used 5793K, capacity 6832K, committed 7040K, reserved 1056768K
  class space    used 584K, capacity 616K, committed 640K, reserved 1048576K
Event: 3.748 GC heap after
Heap after GC invocations=2 (full 0):
 PSYoungGen      total 67584K, used 5111K [0x00000000eab00000, 0x00000000ef200000, 0x0000000100000000)
  eden space 62464K, 0% used [0x00000000eab00000,0x00000000eab00000,0x00000000ee800000)
  from space 5120K, 99% used [0x00000000eed00000,0x00000000ef1fdc88,0x00000000ef200000)
  to   space 5120K, 0% used [0x00000000ee800000,0x00000000ee800000,0x00000000eed00000)
 ParOldGen       total 83456K, used 2228K [0x00000000c0000000, 0x00000000c5180000, 0x00000000eab00000)
  object space 83456K, 2% used [0x00000000c0000000,0x00000000c022d160,0x00000000c5180000)
 Metaspace       used 5793K, capacity 6832K, committed 7040K, reserved 1056768K
  class space    used 584K, capacity 616K, committed 640K, reserved 1048576K
}
Event: 4.528 GC heap before
{Heap before GC invocations=3 (full 0):
 PSYoungGen      total 67584K, used 67575K [0x00000000eab00000, 0x00000000ef200000, 0x0000000100000000)
  eden space 62464K, 100% used [0x00000000eab00000,0x00000000ee800000,0x00000000ee800000)
  from space 5120K, 99% used [0x00000000eed00000,0x00000000ef1fdc88,0x00000000ef200000)
  to   space 5120K, 0% used [0x00000000ee800000,0x00000000ee800000,0x00000000eed00000)
 ParOldGen       total 83456K, used 2228K [0x00000000c0000000, 0x00000000c5180000, 0x00000000eab00000)
  object space 83456K, 2% used [0x00000000c0000000,0x00000000c022d160,0x00000000c5180000)
 Metaspace       used 5910K, capacity 6896K, committed 7040K, reserved 1056768K
  class space    used 586K, capacity 616K, committed 640K, reserved 1048576K
Event: 4.649 GC heap after
Heap after GC invocations=3 (full 0):
 PSYoungGen      total 67584K, used 5117K [0x00000000eab00000, 0x00000000f2f00000, 0x0000000100000000)
  eden space 62464K, 0% used [0x00000000eab00000,0x00000000eab00000,0x00000000ee800000)
  from space 5120K, 99% used [0x00000000ee800000,0x00000000eecff578,0x00000000eed00000)
  to   space 5120K, 0% used [0x00000000f2a00000,0x00000000f2a00000,0x00000000f2f00000)
 ParOldGen       total 83456K, used 12536K [0x00000000c0000000, 0x00000000c5180000, 0x00000000eab00000)
  object space 83456K, 15% used [0x00000000c0000000,0x00000000c0c3e2f8,0x00000000c5180000)
 Metaspace       used 5910K, capacity 6896K, committed 7040K, reserved 1056768K
  class space    used 586K, capacity 616K, committed 640K, reserved 1048576K
}
Event: 5.219 GC heap before
{Heap before GC invocations=4 (full 0):
 PSYoungGen      total 67584K, used 67581K [0x00000000eab00000, 0x00000000f2f00000, 0x0000000100000000)
  eden space 62464K, 100% used [0x00000000eab00000,0x00000000ee800000,0x00000000ee800000)
  from space 5120K, 99% used [0x00000000ee800000,0x00000000eecff578,0x00000000eed00000)
  to   space 5120K, 0% used [0x00000000f2a00000,0x00000000f2a00000,0x00000000f2f00000)
 ParOldGen       total 83456K, used 12536K [0x00000000c0000000, 0x00000000c5180000, 0x00000000eab00000)
  object space 83456K, 15% used [0x00000000c0000000,0x00000000c0c3e2f8,0x00000000c5180000)
 Metaspace       used 5976K, capacity 6960K, committed 7040K, reserved 1056768K
  class space    used 587K, capacity 616K, committed 640K, reserved 1048576K
Event: 5.341 GC heap after
Heap after GC invocations=4 (full 0):
 PSYoungGen      total 130048K, used 5116K [0x00000000eab00000, 0x00000000f2f00000, 0x0000000100000000)
  eden space 124928K, 0% used [0x00000000eab00000,0x00000000eab00000,0x00000000f2500000)
  from space 5120K, 99% used [0x00000000f2a00000,0x00000000f2eff398,0x00000000f2f00000)
  to   space 5120K, 0% used [0x00000000f2500000,0x00000000f2500000,0x00000000f2a00000)
 ParOldGen       total 83456K, used 25822K [0x00000000c0000000, 0x00000000c5180000, 0x00000000eab00000)
  object space 83456K, 30% used [0x00000000c0000000,0x00000000c1937958,0x00000000c5180000)
 Metaspace       used 5976K, capacity 6960K, committed 7040K, reserved 1056768K
  class space    used 587K, capacity 616K, committed 640K, reserved 1048576K
}
Event: 6.820 GC heap before
{Heap before GC invocations=5 (full 0):
 PSYoungGen      total 130048K, used 130044K [0x00000000eab00000, 0x00000000f2f00000, 0x0000000100000000)
  eden space 124928K, 100% used [0x00000000eab00000,0x00000000f2500000,0x00000000f2500000)
  from space 5120K, 99% used [0x00000000f2a00000,0x00000000f2eff398,0x00000000f2f00000)
  to   space 5120K, 0% used [0x00000000f2500000,0x00000000f2500000,0x00000000f2a00000)
 ParOldGen       total 83456K, used 25822K [0x00000000c0000000, 0x00000000c5180000, 0x00000000eab00000)
  object space 83456K, 30% used [0x00000000c0000000,0x00000000c1937958,0x00000000c5180000)
 Metaspace       used 6169K, capacity 7088K, committed 7296K, reserved 1056768K
  class space    used 588K, capacity 616K, committed 640K, reserved 1048576K

Deoptimization events (10 events):
Event: 3.440 Thread 0x00007fbbcc141800 Uncommon trap: reason=bimorphic action=maybe_recompile pc=0x00007fbbbd254e74 method=java.util.HashMap.getNode(ILjava/lang/Object;)Ljava/util/HashMap$Node; @ 126
Event: 3.936 Thread 0x00007fbbcc138800 Uncommon trap: reason=unstable_if action=reinterpret pc=0x00007fbbbd3c6934 method=com.android.dx.util.LabeledList.set(ILcom/android/dx/util/LabeledItem;)V @ 16
Event: 4.505 Thread 0x00007fbbcc143800 Uncommon trap: reason=unstable_if action=reinterpret pc=0x00007fbbbd3a7c7c method=com.android.dx.ssa.SsaMethod.updateOneDefinition(Lcom/android/dx/ssa/SsaInsn;Lcom/android/dx/rop/code/RegisterSpec;)V @ 4
Event: 4.726 Thread 0x00007fbbcc00a000 Uncommon trap: reason=null_check action=make_not_entrant pc=0x00007fbbbd2ed9e0 method=com.android.dx.ssa.SsaRenamer.getLocalForNewReg(I)Lcom/android/dx/rop/code/LocalItem; @ 19
Event: 4.744 Thread 0x00007fbbcc00a000 Uncommon trap: reason=null_check action=make_not_entrant pc=0x00007fbbbd2c1a74 method=com.android.dx.ssa.SsaRenamer.getLocalForNewReg(I)Lcom/android/dx/rop/code/LocalItem; @ 19
Event: 6.428 Thread 0x00007fbbcc141800 Uncommon trap: reason=bimorphic action=maybe_recompile pc=0x00007fbbbd59c1bc method=com.android.dx.cf.code.BytecodeArray.parseInstruction(ILcom/android/dx/cf/code/BytecodeArray$Visitor;)I @ 971
Event: 6.428 Thread 0x00007fbbcc141800 Uncommon trap: reason=bimorphic action=maybe_recompile pc=0x00007fbbbd59bfcc method=com.android.dx.cf.code.BytecodeArray.parseInstruction(ILcom/android/dx/cf/code/BytecodeArray$Visitor;)I @ 907
Event: 6.428 Thread 0x00007fbbcc141800 Uncommon trap: reason=bimorphic action=maybe_recompile pc=0x00007fbbbd59bfcc method=com.android.dx.cf.code.BytecodeArray.parseInstruction(ILcom/android/dx/cf/code/BytecodeArray$Visitor;)I @ 907
Event: 6.428 Thread 0x00007fbbcc141800 Uncommon trap: reason=bimorphic action=maybe_recompile pc=0x00007fbbbd59c048 method=com.android.dx.cf.code.BytecodeArray.parseInstruction(ILcom/android/dx/cf/code/BytecodeArray$Visitor;)I @ 923
Event: 6.428 Thread 0x00007fbbcc141800 Uncommon trap: reason=bimorphic action=maybe_recompile pc=0x00007fbbbd59c048 method=com.android.dx.cf.code.BytecodeArray.parseInstruction(ILcom/android/dx/cf/code/BytecodeArray$Visitor;)I @ 923

Internal exceptions (5 events):
Event: 0.426 Thread 0x00007fbbcc00a000 Exception <a 'java/lang/NoSuchMethodError': Method sun.misc.Unsafe.defineClass(Ljava/lang/String;[BII)Ljava/lang/Class; name or signature does not match> (0x00000000eab12b98) thrown at [/HUDSON/workspace/8-2-build-linux-amd64/jdk8u60/4407/hotspot/src/shar
Event: 0.427 Thread 0x00007fbbcc00a000 Exception <a 'java/lang/NoSuchMethodError': Method sun.misc.Unsafe.prefetchRead(Ljava/lang/Object;J)V name or signature does not match> (0x00000000eab12e80) thrown at [/HUDSON/workspace/8-2-build-linux-amd64/jdk8u60/4407/hotspot/src/share/vm/prims/jni.cpp
Event: 3.184 Thread 0x00007fbbcc138800 Implicit null exception at 0x00007fbbbd2114a2 to 0x00007fbbbd211593
Event: 4.726 Thread 0x00007fbbcc00a000 Implicit null exception at 0x00007fbbbd2ec16e to 0x00007fbbbd2ed9b9
Event: 4.744 Thread 0x00007fbbcc00a000 Implicit null exception at 0x00007fbbbd2c0197 to 0x00007fbbbd2c1a49

Events (10 events):
Event: 6.583 Thread 0x00007fbbcc141800 DEOPT UNPACKING pc=0x00007fbbbd047233 sp=0x00007fbbb906d958 mode 0
Event: 6.617 Thread 0x00007fbbcc135800 DEOPT PACKING pc=0x00007fbbbd4ff35f sp=0x00007fbbb9370d80
Event: 6.617 Thread 0x00007fbbcc135800 DEOPT UNPACKING pc=0x00007fbbbd047233 sp=0x00007fbbb9370ba8 mode 0
Event: 6.626 Thread 0x00007fbbcc138800 DEOPT PACKING pc=0x00007fbbbd2e5860 sp=0x00007fbbb916ee90
Event: 6.626 Thread 0x00007fbbcc138800 DEOPT UNPACKING pc=0x00007fbbbd047233 sp=0x00007fbbb916ec90 mode 0
Event: 6.631 Thread 0x00007fbbcc143800 DEOPT PACKING pc=0x00007fbbbd2b00ad sp=0x00007fbbb8f6cb90
Event: 6.632 Thread 0x00007fbbcc143800 DEOPT UNPACKING pc=0x00007fbbbd047233 sp=0x00007fbbb8f6c918 mode 0
Event: 6.638 Thread 0x00007fbbcc138800 DEOPT PACKING pc=0x00007fbbbd55106d sp=0x00007fbbb916ed40
Event: 6.638 Thread 0x00007fbbcc138800 DEOPT UNPACKING pc=0x00007fbbbd047233 sp=0x00007fbbb916eb10 mode 0
Event: 6.652 Executing VM operation: ParallelGCFailedAllocation


Dynamic libraries:
00400000-00401000 r-xp 00000000 08:05 15991521                           /opt/java/jdk1.8.0_60/bin/java
00600000-00601000 rw-p 00000000 08:05 15991521                           /opt/java/jdk1.8.0_60/bin/java
01f52000-01f73000 rw-p 00000000 00:00 0                                  [heap]
c0000000-c5180000 rw-p 00000000 00:00 0 
c5180000-eab00000 ---p 00000000 00:00 0 
eab00000-f2f00000 rw-p 00000000 00:00 0 
fda00000-100000000 ---p 00000000 00:00 0 
100000000-1000a0000 rw-p 00000000 00:00 0 
1000a0000-140000000 ---p 00000000 00:00 0 
7fbb6c000000-7fbb6c045000 rw-p 00000000 00:00 0 
7fbb6c045000-7fbb70000000 ---p 00000000 00:00 0 
7fbb74000000-7fbb74021000 rw-p 00000000 00:00 0 
7fbb74021000-7fbb78000000 ---p 00000000 00:00 0 
7fbb78000000-7fbb78021000 rw-p 00000000 00:00 0 
7fbb78021000-7fbb7c000000 ---p 00000000 00:00 0 
7fbb7c000000-7fbb7c02d000 rw-p 00000000 00:00 0 
7fbb7c02d000-7fbb80000000 ---p 00000000 00:00 0 
7fbb80000000-7fbb80021000 rw-p 00000000 00:00 0 
7fbb80021000-7fbb84000000 ---p 00000000 00:00 0 
7fbb84000000-7fbb84021000 rw-p 00000000 00:00 0 
7fbb84021000-7fbb88000000 ---p 00000000 00:00 0 
7fbb88000000-7fbb88021000 rw-p 00000000 00:00 0 
7fbb88021000-7fbb8c000000 ---p 00000000 00:00 0 
7fbb8c000000-7fbb8c777000 rw-p 00000000 00:00 0 
7fbb8c777000-7fbb90000000 ---p 00000000 00:00 0 
7fbb90000000-7fbb9077a000 rw-p 00000000 00:00 0 
7fbb9077a000-7fbb94000000 ---p 00000000 00:00 0 
7fbb94000000-7fbb94021000 rw-p 00000000 00:00 0 
7fbb94021000-7fbb98000000 ---p 00000000 00:00 0 
7fbb98000000-7fbb98a08000 rw-p 00000000 00:00 0 
7fbb98a08000-7fbb9c000000 ---p 00000000 00:00 0 
7fbb9c000000-7fbb9c021000 rw-p 00000000 00:00 0 
7fbb9c021000-7fbba0000000 ---p 00000000 00:00 0 
7fbba0000000-7fbba0021000 rw-p 00000000 00:00 0 
7fbba0021000-7fbba4000000 ---p 00000000 00:00 0 
7fbba4000000-7fbba4021000 rw-p 00000000 00:00 0 
7fbba4021000-7fbba8000000 ---p 00000000 00:00 0 
7fbba8000000-7fbba828b000 rw-p 00000000 00:00 0 
7fbba828b000-7fbbac000000 ---p 00000000 00:00 0 
7fbbac000000-7fbbac021000 rw-p 00000000 00:00 0 
7fbbac021000-7fbbb0000000 ---p 00000000 00:00 0 
7fbbb0000000-7fbbb0021000 rw-p 00000000 00:00 0 
7fbbb0021000-7fbbb4000000 ---p 00000000 00:00 0 
7fbbb4000000-7fbbb4021000 rw-p 00000000 00:00 0 
7fbbb4021000-7fbbb8000000 ---p 00000000 00:00 0 
7fbbb8e6e000-7fbbb8e71000 ---p 00000000 00:00 0 
7fbbb8e71000-7fbbb8f6f000 rw-p 00000000 00:00 0                          [stack:14403]
7fbbb8f6f000-7fbbb8f72000 ---p 00000000 00:00 0 
7fbbb8f72000-7fbbb9070000 rw-p 00000000 00:00 0                          [stack:14402]
7fbbb9070000-7fbbb9073000 ---p 00000000 00:00 0 
7fbbb9073000-7fbbb9171000 rw-p 00000000 00:00 0                          [stack:14401]
7fbbb9171000-7fbbb9174000 ---p 00000000 00:00 0 
7fbbb9174000-7fbbb9272000 rw-p 00000000 00:00 0                          [stack:14400]
7fbbb9272000-7fbbb9275000 ---p 00000000 00:00 0 
7fbbb9275000-7fbbb9373000 rw-p 00000000 00:00 0                          [stack:14399]
7fbbb9373000-7fbbb9388000 r--s 00083000 08:03 956237                     /media/nandagopal/1ABEEBEDBEEBBF7F/WorkSpace Android/Goounj/Goounj New/goounj-android/app/build/intermediates/exploded-aar/com.google.android.gms/play-services-games/8.1.0/jars/classes.jar
7fbbb938f000-7fbbb939e000 r--s 000df000 08:05 5637954                    /home/nandagopal/Android/Sdk/build-tools/23.0.2/lib/dx.jar
7fbbb93a2000-7fbbb93a3000 ---p 00000000 00:00 0 
7fbbb93a3000-7fbbb94a3000 rw-p 00000000 00:00 0                          [stack:14391]
7fbbb94a3000-7fbbb94a6000 ---p 00000000 00:00 0 
7fbbb94a6000-7fbbb95a4000 rw-p 00000000 00:00 0                          [stack:14389]
7fbbb95a4000-7fbbb95a7000 ---p 00000000 00:00 0 
7fbbb95a7000-7fbbb96a5000 rw-p 00000000 00:00 0                          [stack:14387]
7fbbb96a5000-7fbbb96a8000 ---p 00000000 00:00 0 
7fbbb96a8000-7fbbb97a6000 rw-p 00000000 00:00 0                          [stack:14385]
7fbbb97a6000-7fbbb97a9000 ---p 00000000 00:00 0 
7fbbb97a9000-7fbbb98a7000 rw-p 00000000 00:00 0                          [stack:14384]
7fbbb98a7000-7fbbb98aa000 ---p 00000000 00:00 0 
7fbbb98aa000-7fbbb99a8000 rw-p 00000000 00:00 0                          [stack:14382]
7fbbb99a8000-7fbbb9c71000 r--p 00000000 08:05 12327194                   /usr/lib/locale/locale-archive
7fbbb9c71000-7fbbb9c74000 ---p 00000000 00:00 0 
7fbbb9c74000-7fbbb9d72000 rw-p 00000000 00:00 0                          [stack:14381]
7fbbb9d72000-7fbbb9d75000 ---p 00000000 00:00 0 
7fbbb9d75000-7fbbb9e73000 rw-p 00000000 00:00 0                          [stack:14379]
7fbbb9e73000-7fbbb9e74000 ---p 00000000 00:00 0 
7fbbb9e74000-7fbbbae27000 rw-p 00000000 00:00 0                          [stack:14376]
7fbbbae27000-7fbbbafff000 r--s 03d17000 08:05 15991428                   /opt/java/jdk1.8.0_60/jre/lib/rt.jar
7fbbbb000000-7fbbbd000000 rw-p 00000000 00:00 0 
7fbbbd000000-7fbbbd6e0000 rwxp 00000000 00:00 0 
7fbbbd6e0000-7fbbcc000000 ---p 00000000 00:00 0 
7fbbcc000000-7fbbcc38a000 rw-p 00000000 00:00 0 
7fbbcc38a000-7fbbd0000000 ---p 00000000 00:00 0 
7fbbd0006000-7fbbd07fd000 rw-p 00000000 00:00 0 
7fbbd07fd000-7fbbd097d000 ---p 00000000 00:00 0 
7fbbd097d000-7fbbd0b7d000 rw-p 00000000 00:00 0 
7fbbd0b7d000-7fbbd0b7e000 ---p 00000000 00:00 0 
7fbbd0b7e000-7fbbd0c7e000 rw-p 00000000 00:00 0                          [stack:14374]
7fbbd0c7e000-7fbbd0c7f000 ---p 00000000 00:00 0 
7fbbd0c7f000-7fbbd0d7f000 rw-p 00000000 00:00 0                          [stack:14372]
7fbbd0d7f000-7fbbd0d80000 ---p 00000000 00:00 0 
7fbbd0d80000-7fbbd0e80000 rw-p 00000000 00:00 0                          [stack:14370]
7fbbd0e80000-7fbbd0e81000 ---p 00000000 00:00 0 
7fbbd0e81000-7fbbd0faa000 rw-p 00000000 00:00 0                          [stack:14368]
7fbbd0faa000-7fbbd10d7000 ---p 00000000 00:00 0 
7fbbd10d7000-7fbbd1100000 rw-p 00000000 00:00 0 
7fbbd1100000-7fbbd122c000 ---p 00000000 00:00 0 
7fbbd122c000-7fbbd126f000 rw-p 00000000 00:00 0 
7fbbd126f000-7fbbd12d7000 ---p 00000000 00:00 0 
7fbbd12d7000-7fbbd12f4000 rw-p 00000000 00:00 0 
7fbbd12f4000-7fbbd1698000 ---p 00000000 00:00 0 
7fbbd1698000-7fbbd16b2000 r-xp 00000000 08:05 15991378                   /opt/java/jdk1.8.0_60/jre/lib/amd64/libzip.so
7fbbd16b2000-7fbbd18b2000 ---p 0001a000 08:05 15991378                   /opt/java/jdk1.8.0_60/jre/lib/amd64/libzip.so
7fbbd18b2000-7fbbd18b3000 rw-p 0001a000 08:05 15991378                   /opt/java/jdk1.8.0_60/jre/lib/amd64/libzip.so
7fbbd18b8000-7fbbd18c3000 r-xp 00000000 08:05 13242601                   /lib/x86_64-linux-gnu/libnss_files-2.19.so
7fbbd18c3000-7fbbd1ac2000 ---p 0000b000 08:05 13242601                   /lib/x86_64-linux-gnu/libnss_files-2.19.so
7fbbd1ac2000-7fbbd1ac3000 r--p 0000a000 08:05 13242601                   /lib/x86_64-linux-gnu/libnss_files-2.19.so
7fbbd1ac3000-7fbbd1ac4000 rw-p 0000b000 08:05 13242601                   /lib/x86_64-linux-gnu/libnss_files-2.19.so
7fbbd1ac8000-7fbbd1ad3000 r-xp 00000000 08:05 13242611                   /lib/x86_64-linux-gnu/libnss_nis-2.19.so
7fbbd1ad3000-7fbbd1cd2000 ---p 0000b000 08:05 13242611                   /lib/x86_64-linux-gnu/libnss_nis-2.19.so
7fbbd1cd2000-7fbbd1cd3000 r--p 0000a000 08:05 13242611                   /lib/x86_64-linux-gnu/libnss_nis-2.19.so
7fbbd1cd3000-7fbbd1cd4000 rw-p 0000b000 08:05 13242611                   /lib/x86_64-linux-gnu/libnss_nis-2.19.so
7fbbd1cd8000-7fbbd1cef000 r-xp 00000000 08:05 13242595                   /lib/x86_64-linux-gnu/libnsl-2.19.so
7fbbd1cef000-7fbbd1eee000 ---p 00017000 08:05 13242595                   /lib/x86_64-linux-gnu/libnsl-2.19.so
7fbbd1eee000-7fbbd1eef000 r--p 00016000 08:05 13242595                   /lib/x86_64-linux-gnu/libnsl-2.19.so
7fbbd1eef000-7fbbd1ef0000 rw-p 00017000 08:05 13242595                   /lib/x86_64-linux-gnu/libnsl-2.19.so
7fbbd1ef0000-7fbbd1ef2000 rw-p 00000000 00:00 0 
7fbbd1ef8000-7fbbd1f01000 r-xp 00000000 08:05 13242597                   /lib/x86_64-linux-gnu/libnss_compat-2.19.so
7fbbd1f01000-7fbbd2100000 ---p 00009000 08:05 13242597                   /lib/x86_64-linux-gnu/libnss_compat-2.19.so
7fbbd2100000-7fbbd2101000 r--p 00008000 08:05 13242597                   /lib/x86_64-linux-gnu/libnss_compat-2.19.so
7fbbd2101000-7fbbd2102000 rw-p 00009000 08:05 13242597                   /lib/x86_64-linux-gnu/libnss_compat-2.19.so
7fbbd2108000-7fbbd2132000 r-xp 00000000 08:05 15991356                   /opt/java/jdk1.8.0_60/jre/lib/amd64/libjava.so
7fbbd2132000-7fbbd2332000 ---p 0002a000 08:05 15991356                   /opt/java/jdk1.8.0_60/jre/lib/amd64/libjava.so
7fbbd2332000-7fbbd2334000 rw-p 0002a000 08:05 15991356                   /opt/java/jdk1.8.0_60/jre/lib/amd64/libjava.so
7fbbd2338000-7fbbd2345000 r-xp 00000000 08:05 15991372                   /opt/java/jdk1.8.0_60/jre/lib/amd64/libverify.so
7fbbd2345000-7fbbd2545000 ---p 0000d000 08:05 15991372                   /opt/java/jdk1.8.0_60/jre/lib/amd64/libverify.so
7fbbd2545000-7fbbd2547000 rw-p 0000d000 08:05 15991372                   /opt/java/jdk1.8.0_60/jre/lib/amd64/libverify.so
7fbbd2548000-7fbbd254f000 r-xp 00000000 08:05 13242654                   /lib/x86_64-linux-gnu/librt-2.19.so
7fbbd254f000-7fbbd274e000 ---p 00007000 08:05 13242654                   /lib/x86_64-linux-gnu/librt-2.19.so
7fbbd274e000-7fbbd274f000 r--p 00006000 08:05 13242654                   /lib/x86_64-linux-gnu/librt-2.19.so
7fbbd274f000-7fbbd2750000 rw-p 00007000 08:05 13242654                   /lib/x86_64-linux-gnu/librt-2.19.so
7fbbd2750000-7fbbd2855000 r-xp 00000000 08:05 13242576                   /lib/x86_64-linux-gnu/libm-2.19.so
7fbbd2855000-7fbbd2a54000 ---p 00105000 08:05 13242576                   /lib/x86_64-linux-gnu/libm-2.19.so
7fbbd2a54000-7fbbd2a55000 r--p 00104000 08:05 13242576                   /lib/x86_64-linux-gnu/libm-2.19.so
7fbbd2a55000-7fbbd2a56000 rw-p 00105000 08:05 13242576                   /lib/x86_64-linux-gnu/libm-2.19.so
7fbbd2a58000-7fbbd3716000 r-xp 00000000 08:05 15991394                   /opt/java/jdk1.8.0_60/jre/lib/amd64/server/libjvm.so
7fbbd3716000-7fbbd3915000 ---p 00cbe000 08:05 15991394                   /opt/java/jdk1.8.0_60/jre/lib/amd64/server/libjvm.so
7fbbd3915000-7fbbd39ed000 rw-p 00cbd000 08:05 15991394                   /opt/java/jdk1.8.0_60/jre/lib/amd64/server/libjvm.so
7fbbd39ed000-7fbbd3a32000 rw-p 00000000 00:00 0 
7fbbd3a38000-7fbbd3bf3000 r-xp 00000000 08:05 13242525                   /lib/x86_64-linux-gnu/libc-2.19.so
7fbbd3bf3000-7fbbd3df2000 ---p 001bb000 08:05 13242525                   /lib/x86_64-linux-gnu/libc-2.19.so
7fbbd3df2000-7fbbd3df6000 r--p 001ba000 08:05 13242525                   /lib/x86_64-linux-gnu/libc-2.19.so
7fbbd3df6000-7fbbd3df8000 rw-p 001be000 08:05 13242525                   /lib/x86_64-linux-gnu/libc-2.19.so
7fbbd3df8000-7fbbd3dfd000 rw-p 00000000 00:00 0 
7fbbd3e00000-7fbbd3e03000 r-xp 00000000 08:05 13242542                   /lib/x86_64-linux-gnu/libdl-2.19.so
7fbbd3e03000-7fbbd4002000 ---p 00003000 08:05 13242542                   /lib/x86_64-linux-gnu/libdl-2.19.so
7fbbd4002000-7fbbd4003000 r--p 00002000 08:05 13242542                   /lib/x86_64-linux-gnu/libdl-2.19.so
7fbbd4003000-7fbbd4004000 rw-p 00003000 08:05 13242542                   /lib/x86_64-linux-gnu/libdl-2.19.so
7fbbd4008000-7fbbd401d000 r-xp 00000000 08:05 15861962                   /opt/java/jdk1.8.0_60/lib/amd64/jli/libjli.so
7fbbd401d000-7fbbd421d000 ---p 00015000 08:05 15861962                   /opt/java/jdk1.8.0_60/lib/amd64/jli/libjli.so
7fbbd421d000-7fbbd421e000 rw-p 00015000 08:05 15861962                   /opt/java/jdk1.8.0_60/lib/amd64/jli/libjli.so
7fbbd4220000-7fbbd4239000 r-xp 00000000 08:05 13242646                   /lib/x86_64-linux-gnu/libpthread-2.19.so
7fbbd4239000-7fbbd4438000 ---p 00019000 08:05 13242646                   /lib/x86_64-linux-gnu/libpthread-2.19.so
7fbbd4438000-7fbbd4439000 r--p 00018000 08:05 13242646                   /lib/x86_64-linux-gnu/libpthread-2.19.so
7fbbd4439000-7fbbd443a000 rw-p 00019000 08:05 13242646                   /lib/x86_64-linux-gnu/libpthread-2.19.so
7fbbd443a000-7fbbd443e000 rw-p 00000000 00:00 0 
7fbbd4440000-7fbbd4463000 r-xp 00000000 08:05 13242499                   /lib/x86_64-linux-gnu/ld-2.19.so
7fbbd446a000-7fbbd4550000 rw-p 00000000 00:00 0 
7fbbd4550000-7fbbd4558000 rw-s 00000000 08:05 18352077                   /tmp/hsperfdata_nandagopal/14357
7fbbd455e000-7fbbd4560000 rw-p 00000000 00:00 0 
7fbbd4560000-7fbbd4561000 ---p 00000000 00:00 0 
7fbbd4561000-7fbbd4564000 ---p 00000000 00:00 0 
7fbbd4564000-7fbbd4662000 rw-p 00000000 00:00 0                          [stack:14367]
7fbbd4662000-7fbbd4663000 r--p 00022000 08:05 13242499                   /lib/x86_64-linux-gnu/ld-2.19.so
7fbbd4663000-7fbbd4664000 rw-p 00023000 08:05 13242499                   /lib/x86_64-linux-gnu/ld-2.19.so
7fbbd4664000-7fbbd4667000 rw-p 00000000 00:00 0 
7fbbd4667000-7fbbd466b000 rw-p 00000000 00:00 0 
7ffef16e6000-7ffef1707000 rw-p 00000000 00:00 0                          [stack]
7ffef17b8000-7ffef17ba000 r-xp 00000000 00:00 0                          [vdso]
7ffef17ba000-7ffef17bc000 r--p 00000000 00:00 0                          [vvar]
ffffffffff600000-ffffffffff601000 r-xp 00000000 00:00 0                  [vsyscall]

VM Arguments:
jvm_args: -Xmx1024M -Dfile.encoding=UTF-8 -Duser.country=IN -Duser.language=en -Duser.variant 
java_command: com.android.dx.command.Main --dex --num-threads=4 --output /media/nandagopal/1ABEEBEDBEEBBF7F/WorkSpace Android/Goounj/Goounj New/goounj-android/app/build/intermediates/pre-dexed/debug/classes-bde4ecdbd50bd9340d332ebbb6dfbb0f492e0aed.jar /media/nandagopal/1ABEEBEDBEEBBF7F/WorkSpace Android/Goounj/Goounj New/goounj-android/app/build/intermediates/exploded-aar/com.google.android.gms/play-services-games/8.1.0/jars/classes.jar
java_class_path (initial): /home/nandagopal/Android/Sdk/build-tools/23.0.2/lib/dx.jar
Launcher Type: SUN_STANDARD

Environment Variables:
PATH=/usr/local/sbin:/usr/local/bin:/usr/sbin:/usr/bin:/sbin:/bin:/usr/games:/usr/local/games
USERNAME=nandagopal
LD_LIBRARY_PATH=/home/nandagopal/Downloads/android-studio/bin:
SHELL=/bin/bash
DISPLAY=:0

Signal Handlers:
SIGSEGV: [libjvm.so+0xaba070], sa_mask[0]=11111111011111111101111111111110, sa_flags=SA_RESTART|SA_SIGINFO
SIGBUS: [libjvm.so+0xaba070], sa_mask[0]=11111111011111111101111111111110, sa_flags=SA_RESTART|SA_SIGINFO
SIGFPE: [libjvm.so+0x917630], sa_mask[0]=11111111011111111101111111111110, sa_flags=SA_RESTART|SA_SIGINFO
SIGPIPE: [libjvm.so+0x917630], sa_mask[0]=11111111011111111101111111111110, sa_flags=SA_RESTART|SA_SIGINFO
SIGXFSZ: [libjvm.so+0x917630], sa_mask[0]=11111111011111111101111111111110, sa_flags=SA_RESTART|SA_SIGINFO
SIGILL: [libjvm.so+0x917630], sa_mask[0]=11111111011111111101111111111110, sa_flags=SA_RESTART|SA_SIGINFO
SIGUSR1: SIG_DFL, sa_mask[0]=00000000000000000000000000000000, sa_flags=none
SIGUSR2: [libjvm.so+0x918c60], sa_mask[0]=00100000000000000000000000000000, sa_flags=SA_RESTART|SA_SIGINFO
SIGHUP: [libjvm.so+0x91a060], sa_mask[0]=11111111011111111101111111111110, sa_flags=SA_RESTART|SA_SIGINFO
SIGINT: [libjvm.so+0x91a060], sa_mask[0]=11111111011111111101111111111110, sa_flags=SA_RESTART|SA_SIGINFO
SIGTERM: [libjvm.so+0x91a060], sa_mask[0]=11111111011111111101111111111110, sa_flags=SA_RESTART|SA_SIGINFO
SIGQUIT: [libjvm.so+0x91a060], sa_mask[0]=11111111011111111101111111111110, sa_flags=SA_RESTART|SA_SIGINFO


---------------  S Y S T E M  ---------------

OS:DISTRIB_ID=LinuxMint
DISTRIB_RELEASE=17.2
DISTRIB_CODENAME=rafaela
DISTRIB_DESCRIPTION="Linux Mint 17.2 Rafaela"

uname:Linux 3.16.0-38-generic #52~14.04.1-Ubuntu SMP Fri May 8 09:43:57 UTC 2015 x86_64
libc:glibc 2.19 NPTL 2.19 
rlimit: STACK 8192k, CORE 0k, NPROC 30482, NOFILE 4096, AS infinity
load average:15.86 6.10 3.98

/proc/meminfo:
MemTotal:        7900616 kB
MemFree:          495872 kB
MemAvailable:     508928 kB
Buffers:            2784 kB
Cached:           210764 kB
SwapCached:            0 kB
Active:          6825636 kB
Inactive:         204368 kB
Active(anon):    6818416 kB
Inactive(anon):   102860 kB
Active(file):       7220 kB
Inactive(file):   101508 kB
Unevictable:          64 kB
Mlocked:              64 kB
SwapTotal:             0 kB
SwapFree:              0 kB
Dirty:               868 kB
Writeback:             0 kB
AnonPages:       6821096 kB
Mapped:           183596 kB
Shmem:            104344 kB
Slab:             134324 kB
SReclaimable:      86324 kB
SUnreclaim:        48000 kB
KernelStack:       12912 kB
PageTables:        48448 kB
NFS_Unstable:          0 kB
Bounce:                0 kB
WritebackTmp:          0 kB
CommitLimit:     3950308 kB
Committed_AS:   11267592 kB
VmallocTotal:   34359738367 kB
VmallocUsed:      290780 kB
VmallocChunk:   34359438824 kB
HardwareCorrupted:     0 kB
AnonHugePages:   3203072 kB
HugePages_Total:       0
HugePages_Free:        0
HugePages_Rsvd:        0
HugePages_Surp:        0
Hugepagesize:       2048 kB
DirectMap4k:      107008 kB
DirectMap2M:     5904384 kB
DirectMap1G:     2097152 kB


CPU:total 4 (4 cores per cpu, 1 threads per core) family 21 model 2 stepping 0, cmov, cx8, fxsr, mmx, sse, sse2, sse3, ssse3, sse4.1, sse4.2, popcnt, avx, aes, clmul, mmxext, 3dnowpref, lzcnt, sse4a, tsc, tscinvbit, tscinv, bmi1

/proc/cpuinfo:
processor	: 0
vendor_id	: AuthenticAMD
cpu family	: 21
model		: 2
model name	: AMD FX(tm)-4300 Quad-Core Processor
stepping	: 0
microcode	: 0x600081c
cpu MHz		: 3800.000
cache size	: 2048 KB
physical id	: 0
siblings	: 4
core id		: 0
cpu cores	: 2
apicid		: 16
initial apicid	: 0
fpu		: yes
fpu_exception	: yes
cpuid level	: 13
wp		: yes
flags		: fpu vme de pse tsc msr pae mce cx8 apic sep mtrr pge mca cmov pat pse36 clflush mmx fxsr sse sse2 ht syscall nx mmxext fxsr_opt pdpe1gb rdtscp lm constant_tsc rep_good nopl nonstop_tsc extd_apicid aperfmperf pni pclmulqdq monitor ssse3 fma cx16 sse4_1 sse4_2 popcnt aes xsave avx f16c lahf_lm cmp_legacy svm extapic cr8_legacy abm sse4a misalignsse 3dnowprefetch osvw ibs xop skinit wdt lwp fma4 tce nodeid_msr tbm topoext perfctr_core perfctr_nb arat cpb hw_pstate npt lbrv svm_lock nrip_save tsc_scale vmcb_clean flushbyasid decodeassists pausefilter pfthreshold vmmcall bmi1
bogomips	: 7634.76
TLB size	: 1536 4K pages
clflush size	: 64
cache_alignment	: 64
address sizes	: 48 bits physical, 48 bits virtual
power management: ts ttp tm 100mhzsteps hwpstate cpb eff_freq_ro

processor	: 1
vendor_id	: AuthenticAMD
cpu family	: 21
model		: 2
model name	: AMD FX(tm)-4300 Quad-Core Processor            
stepping	: 0
microcode	: 0x600081c
cpu MHz		: 3800.000
cache size	: 2048 KB
physical id	: 0
siblings	: 4
core id		: 1
cpu cores	: 2
apicid		: 17
initial apicid	: 1
fpu		: yes
fpu_exception	: yes
cpuid level	: 13
wp		: yes
flags		: fpu vme de pse tsc msr pae mce cx8 apic sep mtrr pge mca cmov pat pse36 clflush mmx fxsr sse sse2 ht syscall nx mmxext fxsr_opt pdpe1gb rdtscp lm constant_tsc rep_good nopl nonstop_tsc extd_apicid aperfmperf pni pclmulqdq monitor ssse3 fma cx16 sse4_1 sse4_2 popcnt aes xsave avx f16c lahf_lm cmp_legacy svm extapic cr8_legacy abm sse4a misalignsse 3dnowprefetch osvw ibs xop skinit wdt lwp fma4 tce nodeid_msr tbm topoext perfctr_core perfctr_nb arat cpb hw_pstate npt lbrv svm_lock nrip_save tsc_scale vmcb_clean flushbyasid decodeassists pausefilter pfthreshold vmmcall bmi1
bogomips	: 7634.76
TLB size	: 1536 4K pages
clflush size	: 64
cache_alignment	: 64
address sizes	: 48 bits physical, 48 bits virtual
power management: ts ttp tm 100mhzsteps hwpstate cpb eff_freq_ro

processor	: 2
vendor_id	: AuthenticAMD
cpu family	: 21
model		: 2
model name	: AMD FX(tm)-4300 Quad-Core Processor            
stepping	: 0
microcode	: 0x600081c
cpu MHz		: 3800.000
cache size	: 2048 KB
physical id	: 0
siblings	: 4
core id		: 2
cpu cores	: 2
apicid		: 18
initial apicid	: 2
fpu		: yes
fpu_exception	: yes
cpuid level	: 13
wp		: yes
flags		: fpu vme de pse tsc msr pae mce cx8 apic sep mtrr pge mca cmov pat pse36 clflush mmx fxsr sse sse2 ht syscall nx mmxext fxsr_opt pdpe1gb rdtscp lm constant_tsc rep_good nopl nonstop_tsc extd_apicid aperfmperf pni pclmulqdq monitor ssse3 fma cx16 sse4_1 sse4_2 popcnt aes xsave avx f16c lahf_lm cmp_legacy svm extapic cr8_legacy abm sse4a misalignsse 3dnowprefetch osvw ibs xop skinit wdt lwp fma4 tce nodeid_msr tbm topoext perfctr_core perfctr_nb arat cpb hw_pstate npt lbrv svm_lock nrip_save tsc_scale vmcb_clean flushbyasid decodeassists pausefilter pfthreshold vmmcall bmi1
bogomips	: 7634.76
TLB size	: 1536 4K pages
clflush size	: 64
cache_alignment	: 64
address sizes	: 48 bits physical, 48 bits virtual
power management: ts ttp tm 100mhzsteps hwpstate cpb eff_freq_ro

processor	: 3
vendor_id	: AuthenticAMD
cpu family	: 21
model		: 2
model name	: AMD FX(tm)-4300 Quad-Core Processor            
stepping	: 0
microcode	: 0x600081c
cpu MHz		: 3800.000
cache size	: 2048 KB
physical id	: 0
siblings	: 4
core id		: 3
cpu cores	: 2
apicid		: 19
initial apicid	: 3
fpu		: yes
fpu_exception	: yes
cpuid level	: 13
wp		: yes
flags		: fpu vme de pse tsc msr pae mce cx8 apic sep mtrr pge mca cmov pat pse36 clflush mmx fxsr sse sse2 ht syscall nx mmxext fxsr_opt pdpe1gb rdtscp lm constant_tsc rep_good nopl nonstop_tsc extd_apicid aperfmperf pni pclmulqdq monitor ssse3 fma cx16 sse4_1 sse4_2 popcnt aes xsave avx f16c lahf_lm cmp_legacy svm extapic cr8_legacy abm sse4a misalignsse 3dnowprefetch osvw ibs xop skinit wdt lwp fma4 tce nodeid_msr tbm topoext perfctr_core perfctr_nb arat cpb hw_pstate npt lbrv svm_lock nrip_save tsc_scale vmcb_clean flushbyasid decodeassists pausefilter pfthreshold vmmcall bmi1
bogomips	: 7634.76
TLB size	: 1536 4K pages
clflush size	: 64
cache_alignment	: 64
address sizes	: 48 bits physical, 48 bits virtual
power management: ts ttp tm 100mhzsteps hwpstate cpb eff_freq_ro



Memory: 4k page, physical 7900616k(493576k free), swap 0k(0k free)

vm_info: Java HotSpot(TM) 64-Bit Server VM (25.60-b23) for linux-amd64 JRE (1.8.0_60-b27), built on Aug  4 2015 12:19:40 by "java_re" with gcc 4.3.0 20080428 (Red Hat 4.3.0-8)

time: Thu Feb  4 17:33:59 2016
elapsed time: 17 seconds (0d 0h 0m 17s)

