#
# There is insufficient memory for the Java Runtime Environment to continue.
# Native memory allocation (mmap) failed to map 167772160 bytes for committing reserved memory.
# Possible reasons:
#   The system is out of physical RAM or swap space
#   In 32 bit mode, the process size limit was hit
# Possible solutions:
#   Reduce memory load on the system
#   Increase physical memory or swap space
#   Check if swap backing store is full
#   Use 64 bit Java on a 64 bit OS
#   Decrease Java heap size (-Xmx/-Xms)
#   Decrease number of Java threads
#   Decrease Java thread stack sizes (-Xss)
#   Set larger code cache with -XX:ReservedCodeCacheSize=
# This output file may be truncated or incomplete.
#
#  Out of Memory Error (os_linux.cpp:2627), pid=13471, tid=140288786908928
#
# JRE version: Java(TM) SE Runtime Environment (8.0_60-b27) (build 1.8.0_60-b27)
# Java VM: Java HotSpot(TM) 64-Bit Server VM (25.60-b23 mixed mode linux-amd64 compressed oops)
# Failed to write core dump. Core dumps have been disabled. To enable core dumping, try "ulimit -c unlimited" before starting Java again
#

---------------  T H R E A D  ---------------

Current thread (0x00007f979c07b000):  VMThread [stack: 0x00007f97873f4000,0x00007f97874f5000] [id=13482]

Stack: [0x00007f97873f4000,0x00007f97874f5000],  sp=0x00007f97874f3160,  free space=1020k
Native frames: (J=compiled Java code, j=interpreted, Vv=VM code, C=native code)
V  [libjvm.so+0xab97ea]  VMError::report_and_die()+0x2ba
V  [libjvm.so+0x4f9dab]  report_vm_out_of_memory(char const*, int, unsigned long, VMErrorType, char const*)+0x8b
V  [libjvm.so+0x91a7c3]  os::Linux::commit_memory_impl(char*, unsigned long, bool)+0x103
V  [libjvm.so+0x91ad19]  os::pd_commit_memory(char*, unsigned long, unsigned long, bool)+0x29
V  [libjvm.so+0x91502a]  os::commit_memory(char*, unsigned long, unsigned long, bool)+0x2a
V  [libjvm.so+0x9886d3]  PSVirtualSpace::expand_by(unsigned long)+0x53
V  [libjvm.so+0x989ad8]  PSYoungGen::resize_generation(unsigned long, unsigned long)+0xf8
V  [libjvm.so+0x988c32]  PSYoungGen::resize(unsigned long, unsigned long)+0x22
V  [libjvm.so+0x985f0b]  PSScavenge::invoke_no_policy()+0xf3b
V  [libjvm.so+0x986691]  PSScavenge::invoke()+0x41
V  [libjvm.so+0x93e430]  ParallelScavengeHeap::failed_mem_allocate(unsigned long)+0x70
V  [libjvm.so+0xabb207]  VM_ParallelGCFailedAllocation::doit()+0x97
V  [libjvm.so+0xac2c35]  VM_Operation::evaluate()+0x55
V  [libjvm.so+0xac100a]  VMThread::evaluate_operation(VM_Operation*)+0xba
V  [libjvm.so+0xac138e]  VMThread::loop()+0x1ce
V  [libjvm.so+0xac1800]  VMThread::run()+0x70
V  [libjvm.so+0x91cb88]  java_start(Thread*)+0x108

VM_Operation (0x00007f97a5c0ffb0): ParallelGCFailedAllocation, mode: safepoint, requested by thread 0x00007f979c00d000


---------------  P R O C E S S  ---------------

Java Threads: ( => current thread )
  0x00007f979c14c000 JavaThread "pool-1-thread-4" [_thread_blocked, id=13495, stack(0x00007f978641d000,0x00007f978651e000)]
  0x00007f979c14a000 JavaThread "pool-1-thread-3" [_thread_blocked, id=13494, stack(0x00007f978651e000,0x00007f978661f000)]
  0x00007f979c146800 JavaThread "pool-1-thread-2" [_thread_blocked, id=13493, stack(0x00007f978661f000,0x00007f9786720000)]
  0x00007f979c13b800 JavaThread "pool-2-thread-1" [_thread_blocked, id=13492, stack(0x00007f9786720000,0x00007f9786821000)]
  0x00007f979c139000 JavaThread "pool-1-thread-1" [_thread_blocked, id=13491, stack(0x00007f9786821000,0x00007f9786922000)]
  0x00007f979c0c3000 JavaThread "Service Thread" daemon [_thread_blocked, id=13489, stack(0x00007f9786a23000,0x00007f9786b24000)]
  0x00007f979c0bd800 JavaThread "C1 CompilerThread2" daemon [_thread_blocked, id=13488, stack(0x00007f9786b24000,0x00007f9786c25000)]
  0x00007f979c0bc000 JavaThread "C2 CompilerThread1" daemon [_thread_blocked, id=13487, stack(0x00007f9786c25000,0x00007f9786d26000)]
  0x00007f979c0b9000 JavaThread "C2 CompilerThread0" daemon [_thread_blocked, id=13486, stack(0x00007f9786d26000,0x00007f9786e27000)]
  0x00007f979c0b7800 JavaThread "Signal Dispatcher" daemon [_thread_blocked, id=13485, stack(0x00007f9786e27000,0x00007f9786f28000)]
  0x00007f979c082000 JavaThread "Finalizer" daemon [_thread_blocked, id=13484, stack(0x00007f97871f2000,0x00007f97872f3000)]
  0x00007f979c080000 JavaThread "Reference Handler" daemon [_thread_blocked, id=13483, stack(0x00007f97872f3000,0x00007f97873f4000)]
  0x00007f979c00d000 JavaThread "main" [_thread_blocked, id=13477, stack(0x00007f97a5b11000,0x00007f97a5c12000)]

Other Threads:
=>0x00007f979c07b000 VMThread [stack: 0x00007f97873f4000,0x00007f97874f5000] [id=13482]
  0x00007f979c0c5800 WatcherThread [stack: 0x00007f9786922000,0x00007f9786a23000] [id=13490]

VM state:at safepoint (normal execution)

VM Mutex/Monitor currently owned by a thread:  ([mutex/lock_event])
[0x00007f979c009370] Threads_lock - owner thread: 0x00007f979c07b000
[0x00007f979c009870] Heap_lock - owner thread: 0x00007f979c00d000

Heap:
 PSYoungGen      total 130048K, used 5104K [0x00000000eab00000, 0x00000000f2f00000, 0x0000000100000000)
  eden space 124928K, 0% used [0x00000000eab00000,0x00000000eab00000,0x00000000f2500000)
  from space 5120K, 99% used [0x00000000f2500000,0x00000000f29fc050,0x00000000f2a00000)
  to   space 5120K, 0% used [0x00000000f2a00000,0x00000000f2a00000,0x00000000f2f00000)
 ParOldGen       total 83456K, used 44850K [0x00000000c0000000, 0x00000000c5180000, 0x00000000eab00000)
  object space 83456K, 53% used [0x00000000c0000000,0x00000000c2bccb20,0x00000000c5180000)
 Metaspace       used 6319K, capacity 7216K, committed 7296K, reserved 1056768K
  class space    used 592K, capacity 616K, committed 640K, reserved 1048576K

Card table byte_map: [0x00007f97a2687000,0x00007f97a2888000] byte_map_base: 0x00007f97a2087000

Marking Bits: (ParMarkBitMap*) 0x00007f97a4fb6de0
 Begin Bits: [0x00007f97a012d000, 0x00007f97a112d000)
 End Bits:   [0x00007f97a112d000, 0x00007f97a212d000)

Polling page: 0x00007f97a5b10000

CodeCache: size=245760Kb used=7818Kb max_used=7831Kb free=237941Kb
 bounds [0x00007f978d000000, 0x00007f978d7b0000, 0x00007f979c000000]
 total_blobs=2188 nmethods=1920 adapters=182
 compilation: enabled

Compilation events (10 events):
Event: 11.101 Thread 0x00007f979c0b9000 nmethod 1755 0x00007f978d769e90 code [0x00007f978d76a020, 0x00007f978d76a698]
Event: 11.101 Thread 0x00007f979c0b9000 1863       4       com.android.dx.ssa.SsaRenamer$BlockRenamer::process (191 bytes)
Event: 11.125 Thread 0x00007f979c0bc000 nmethod 1856 0x00007f978d7a35d0 code [0x00007f978d7a3a40, 0x00007f978d7a6750]
Event: 11.125 Thread 0x00007f979c0bc000 1808       4       com.android.dx.ssa.SCCP::simulateBranch (666 bytes)
Event: 11.191 Thread 0x00007f979c0b9000 nmethod 1863 0x00007f978d782110 code [0x00007f978d7824e0, 0x00007f978d7847f0]
Event: 11.192 Thread 0x00007f979c0b9000 1566       4       com.android.dx.ssa.SsaBasicBlock::forEachPhiInsn (54 bytes)
Event: 11.239 Thread 0x00007f979c0b9000 nmethod 1566 0x00007f978d7abc50 code [0x00007f978d7abe80, 0x00007f978d7ac8d8]
Event: 11.239 Thread 0x00007f979c0b9000 1912       4       com.android.dx.ssa.Dominators::compress (229 bytes)
Event: 11.325 Thread 0x00007f979c0b9000 nmethod 1912 0x00007f978d7ad910 code [0x00007f978d7adb00, 0x00007f978d7ae468]
Event: 11.326 Thread 0x00007f979c0b9000 1942       4       com.android.dx.ssa.back.SsaToRop$1::visitBlock (97 bytes)

GC Heap History (9 events):
Event: 2.322 GC heap before
{Heap before GC invocations=1 (full 0):
 PSYoungGen      total 36352K, used 31232K [0x00000000eab00000, 0x00000000ed380000, 0x0000000100000000)
  eden space 31232K, 100% used [0x00000000eab00000,0x00000000ec980000,0x00000000ec980000)
  from space 5120K, 0% used [0x00000000ece80000,0x00000000ece80000,0x00000000ed380000)
  to   space 5120K, 0% used [0x00000000ec980000,0x00000000ec980000,0x00000000ece80000)
 ParOldGen       total 83456K, used 0K [0x00000000c0000000, 0x00000000c5180000, 0x00000000eab00000)
  object space 83456K, 0% used [0x00000000c0000000,0x00000000c0000000,0x00000000c5180000)
 Metaspace       used 5734K, capacity 6896K, committed 7040K, reserved 1056768K
  class space    used 561K, capacity 616K, committed 640K, reserved 1048576K
Event: 2.373 GC heap after
Heap after GC invocations=1 (full 0):
 PSYoungGen      total 36352K, used 5118K [0x00000000eab00000, 0x00000000ef200000, 0x0000000100000000)
  eden space 31232K, 0% used [0x00000000eab00000,0x00000000eab00000,0x00000000ec980000)
  from space 5120K, 99% used [0x00000000ec980000,0x00000000ece7f908,0x00000000ece80000)
  to   space 5120K, 0% used [0x00000000eed00000,0x00000000eed00000,0x00000000ef200000)
 ParOldGen       total 83456K, used 2528K [0x00000000c0000000, 0x00000000c5180000, 0x00000000eab00000)
  object space 83456K, 3% used [0x00000000c0000000,0x00000000c0278100,0x00000000c5180000)
 Metaspace       used 5734K, capacity 6896K, committed 7040K, reserved 1056768K
  class space    used 561K, capacity 616K, committed 640K, reserved 1048576K
}
Event: 3.116 GC heap before
{Heap before GC invocations=2 (full 0):
 PSYoungGen      total 36352K, used 36350K [0x00000000eab00000, 0x00000000ef200000, 0x0000000100000000)
  eden space 31232K, 100% used [0x00000000eab00000,0x00000000ec980000,0x00000000ec980000)
  from space 5120K, 99% used [0x00000000ec980000,0x00000000ece7f908,0x00000000ece80000)
  to   space 5120K, 0% used [0x00000000eed00000,0x00000000eed00000,0x00000000ef200000)
 ParOldGen       total 83456K, used 2528K [0x00000000c0000000, 0x00000000c5180000, 0x00000000eab00000)
  object space 83456K, 3% used [0x00000000c0000000,0x00000000c0278100,0x00000000c5180000)
 Metaspace       used 5912K, capacity 7024K, committed 7296K, reserved 1056768K
  class space    used 571K, capacity 616K, committed 640K, reserved 1048576K
Event: 3.195 GC heap after
Heap after GC invocations=2 (full 0):
 PSYoungGen      total 67584K, used 5102K [0x00000000eab00000, 0x00000000ef200000, 0x0000000100000000)
  eden space 62464K, 0% used [0x00000000eab00000,0x00000000eab00000,0x00000000ee800000)
  from space 5120K, 99% used [0x00000000eed00000,0x00000000ef1fbb80,0x00000000ef200000)
  to   space 5120K, 0% used [0x00000000ee800000,0x00000000ee800000,0x00000000eed00000)
 ParOldGen       total 83456K, used 7298K [0x00000000c0000000, 0x00000000c5180000, 0x00000000eab00000)
  object space 83456K, 8% used [0x00000000c0000000,0x00000000c07208a8,0x00000000c5180000)
 Metaspace       used 5912K, capacity 7024K, committed 7296K, reserved 1056768K
  class space    used 571K, capacity 616K, committed 640K, reserved 1048576K
}
Event: 4.488 GC heap before
{Heap before GC invocations=3 (full 0):
 PSYoungGen      total 67584K, used 67566K [0x00000000eab00000, 0x00000000ef200000, 0x0000000100000000)
  eden space 62464K, 100% used [0x00000000eab00000,0x00000000ee800000,0x00000000ee800000)
  from space 5120K, 99% used [0x00000000eed00000,0x00000000ef1fbb80,0x00000000ef200000)
  to   space 5120K, 0% used [0x00000000ee800000,0x00000000ee800000,0x00000000eed00000)
 ParOldGen       total 83456K, used 7298K [0x00000000c0000000, 0x00000000c5180000, 0x00000000eab00000)
  object space 83456K, 8% used [0x00000000c0000000,0x00000000c07208a8,0x00000000c5180000)
 Metaspace       used 6114K, capacity 7152K, committed 7296K, reserved 1056768K
  class space    used 577K, capacity 616K, committed 640K, reserved 1048576K
Event: 4.631 GC heap after
Heap after GC invocations=3 (full 0):
 PSYoungGen      total 67584K, used 5100K [0x00000000eab00000, 0x00000000f2f00000, 0x0000000100000000)
  eden space 62464K, 0% used [0x00000000eab00000,0x00000000eab00000,0x00000000ee800000)
  from space 5120K, 99% used [0x00000000ee800000,0x00000000eecfb0c8,0x00000000eed00000)
  to   space 5120K, 0% used [0x00000000f2a00000,0x00000000f2a00000,0x00000000f2f00000)
 ParOldGen       total 83456K, used 17094K [0x00000000c0000000, 0x00000000c5180000, 0x00000000eab00000)
  object space 83456K, 20% used [0x00000000c0000000,0x00000000c10b18a0,0x00000000c5180000)
 Metaspace       used 6114K, capacity 7152K, committed 7296K, reserved 1056768K
  class space    used 577K, capacity 616K, committed 640K, reserved 1048576K
}
Event: 5.405 GC heap before
{Heap before GC invocations=4 (full 0):
 PSYoungGen      total 67584K, used 67564K [0x00000000eab00000, 0x00000000f2f00000, 0x0000000100000000)
  eden space 62464K, 100% used [0x00000000eab00000,0x00000000ee800000,0x00000000ee800000)
  from space 5120K, 99% used [0x00000000ee800000,0x00000000eecfb0c8,0x00000000eed00000)
  to   space 5120K, 0% used [0x00000000f2a00000,0x00000000f2a00000,0x00000000f2f00000)
 ParOldGen       total 83456K, used 17094K [0x00000000c0000000, 0x00000000c5180000, 0x00000000eab00000)
  object space 83456K, 20% used [0x00000000c0000000,0x00000000c10b18a0,0x00000000c5180000)
 Metaspace       used 6140K, capacity 7216K, committed 7296K, reserved 1056768K
  class space    used 577K, capacity 616K, committed 640K, reserved 1048576K
Event: 5.607 GC heap after
Heap after GC invocations=4 (full 0):
 PSYoungGen      total 130048K, used 5104K [0x00000000eab00000, 0x00000000f2f00000, 0x0000000100000000)
  eden space 124928K, 0% used [0x00000000eab00000,0x00000000eab00000,0x00000000f2500000)
  from space 5120K, 99% used [0x00000000f2a00000,0x00000000f2efc160,0x00000000f2f00000)
  to   space 5120K, 0% used [0x00000000f2500000,0x00000000f2500000,0x00000000f2a00000)
 ParOldGen       total 83456K, used 26923K [0x00000000c0000000, 0x00000000c5180000, 0x00000000eab00000)
  object space 83456K, 32% used [0x00000000c0000000,0x00000000c1a4ad70,0x00000000c5180000)
 Metaspace       used 6140K, capacity 7216K, committed 7296K, reserved 1056768K
  class space    used 577K, capacity 616K, committed 640K, reserved 1048576K
}
Event: 11.435 GC heap before
{Heap before GC invocations=5 (full 0):
 PSYoungGen      total 130048K, used 129904K [0x00000000eab00000, 0x00000000f2f00000, 0x0000000100000000)
  eden space 124928K, 99% used [0x00000000eab00000,0x00000000f24dffc8,0x00000000f2500000)
  from space 5120K, 99% used [0x00000000f2a00000,0x00000000f2efc160,0x00000000f2f00000)
  to   space 5120K, 0% used [0x00000000f2500000,0x00000000f2500000,0x00000000f2a00000)
 ParOldGen       total 83456K, used 26923K [0x00000000c0000000, 0x00000000c5180000, 0x00000000eab00000)
  object space 83456K, 32% used [0x00000000c0000000,0x00000000c1a4ad70,0x00000000c5180000)
 Metaspace       used 6319K, capacity 7216K, committed 7296K, reserved 1056768K
  class space    used 592K, capacity 616K, committed 640K, reserved 1048576K

Deoptimization events (10 events):
Event: 4.647 Thread 0x00007f979c146800 Uncommon trap: reason=bimorphic action=maybe_recompile pc=0x00007f978d2437e8 method=java.util.HashMap.getNode(ILjava/lang/Object;)Ljava/util/HashMap$Node; @ 126
Event: 6.259 Thread 0x00007f979c14a000 Uncommon trap: reason=uninitialized action=reinterpret pc=0x00007f978d6fb5c8 method=com.android.dx.cf.code.BytecodeArray.parseInstruction(ILcom/android/dx/cf/code/BytecodeArray$Visitor;)I @ 1031
Event: 7.038 Thread 0x00007f979c14c000 Uncommon trap: reason=unstable_if action=reinterpret pc=0x00007f978d5e3d38 method=com.android.dx.util.IntList.binarysearch(I)I @ 105
Event: 7.183 Thread 0x00007f979c14a000 Uncommon trap: reason=unstable_if action=reinterpret pc=0x00007f978d5e41ec method=com.android.dx.dex.cf.CfTranslator.coerceConstant(Lcom/android/dx/rop/cst/TypedConstant;Lcom/android/dx/rop/type/Type;)Lcom/android/dx/rop/cst/TypedConstant; @ 10
Event: 7.273 Thread 0x00007f979c00d000 Uncommon trap: reason=class_check action=maybe_recompile pc=0x00007f978d5fd5a4 method=com.android.dx.cf.attrib.AttConstantValue.<init>(Lcom/android/dx/rop/cst/TypedConstant;)V @ 14
Event: 7.311 Thread 0x00007f979c14a000 Uncommon trap: reason=bimorphic action=maybe_recompile pc=0x00007f978d6e6620 method=com.android.dx.ssa.SCCP.setLatticeValueTo(IILcom/android/dx/rop/cst/Constant;)Z @ 43
Event: 7.311 Thread 0x00007f979c14a000 Uncommon trap: reason=bimorphic action=maybe_recompile pc=0x00007f978d6e6620 method=com.android.dx.ssa.SCCP.setLatticeValueTo(IILcom/android/dx/rop/cst/Constant;)Z @ 43
Event: 7.311 Thread 0x00007f979c14a000 Uncommon trap: reason=bimorphic action=maybe_recompile pc=0x00007f978d6e6620 method=com.android.dx.ssa.SCCP.setLatticeValueTo(IILcom/android/dx/rop/cst/Constant;)Z @ 43
Event: 7.311 Thread 0x00007f979c14a000 Uncommon trap: reason=bimorphic action=maybe_recompile pc=0x00007f978d6e6620 method=com.android.dx.ssa.SCCP.setLatticeValueTo(IILcom/android/dx/rop/cst/Constant;)Z @ 43
Event: 7.686 Thread 0x00007f979c146800 Uncommon trap: reason=class_check action=maybe_recompile pc=0x00007f978d38da98 method=java.util.HashMap.putVal(ILjava/lang/Object;Ljava/lang/Object;ZZ)Ljava/lang/Object; @ 203

Internal exceptions (3 events):
Event: 0.399 Thread 0x00007f979c00d000 Exception <a 'java/lang/NoSuchMethodError': Method sun.misc.Unsafe.defineClass(Ljava/lang/String;[BII)Ljava/lang/Class; name or signature does not match> (0x00000000eab12b98) thrown at [/HUDSON/workspace/8-2-build-linux-amd64/jdk8u60/4407/hotspot/src/shar
Event: 0.399 Thread 0x00007f979c00d000 Exception <a 'java/lang/NoSuchMethodError': Method sun.misc.Unsafe.prefetchRead(Ljava/lang/Object;J)V name or signature does not match> (0x00000000eab12e80) thrown at [/HUDSON/workspace/8-2-build-linux-amd64/jdk8u60/4407/hotspot/src/share/vm/prims/jni.cpp
Event: 3.376 Thread 0x00007f979c146800 Implicit null exception at 0x00007f978d56dea2 to 0x00007f978d56df93

Events (10 events):
Event: 11.065 loading class java/util/TimeZone$1 done
Event: 11.065 loading class sun/util/calendar/Gregorian$Date
Event: 11.066 loading class sun/util/calendar/BaseCalendar$Date
Event: 11.270 loading class sun/util/calendar/CalendarDate
Event: 11.272 loading class sun/util/calendar/CalendarDate done
Event: 11.272 loading class sun/util/calendar/BaseCalendar$Date done
Event: 11.272 loading class sun/util/calendar/Gregorian$Date done
Event: 11.272 loading class sun/util/calendar/CalendarUtils
Event: 11.273 loading class sun/util/calendar/CalendarUtils done
Event: 11.435 Executing VM operation: ParallelGCFailedAllocation


Dynamic libraries:
00400000-00401000 r-xp 00000000 08:05 15991521                           /opt/java/jdk1.8.0_60/bin/java
00600000-00601000 rw-p 00000000 08:05 15991521                           /opt/java/jdk1.8.0_60/bin/java
0095d000-0097e000 rw-p 00000000 00:00 0                                  [heap]
c0000000-c5180000 rw-p 00000000 00:00 0 
c5180000-eab00000 ---p 00000000 00:00 0 
eab00000-f2f00000 rw-p 00000000 00:00 0 
fcf00000-100000000 ---p 00000000 00:00 0 
100000000-1000a0000 rw-p 00000000 00:00 0 
1000a0000-140000000 ---p 00000000 00:00 0 
7f9740000000-7f9740021000 rw-p 00000000 00:00 0 
7f9740021000-7f9744000000 ---p 00000000 00:00 0 
7f9744000000-7f9744021000 rw-p 00000000 00:00 0 
7f9744021000-7f9748000000 ---p 00000000 00:00 0 
7f9748000000-7f9748021000 rw-p 00000000 00:00 0 
7f9748021000-7f974c000000 ---p 00000000 00:00 0 
7f974c000000-7f974c034000 rw-p 00000000 00:00 0 
7f974c034000-7f9750000000 ---p 00000000 00:00 0 
7f9750000000-7f9750021000 rw-p 00000000 00:00 0 
7f9750021000-7f9754000000 ---p 00000000 00:00 0 
7f9754000000-7f975403d000 rw-p 00000000 00:00 0 
7f975403d000-7f9758000000 ---p 00000000 00:00 0 
7f9758000000-7f975897b000 rw-p 00000000 00:00 0 
7f975897b000-7f975c000000 ---p 00000000 00:00 0 
7f975c000000-7f975c021000 rw-p 00000000 00:00 0 
7f975c021000-7f9760000000 ---p 00000000 00:00 0 
7f9760000000-7f9761168000 rw-p 00000000 00:00 0 
7f9761168000-7f9764000000 ---p 00000000 00:00 0 
7f9764000000-7f9764d32000 rw-p 00000000 00:00 0 
7f9764d32000-7f9768000000 ---p 00000000 00:00 0 
7f9768000000-7f9768021000 rw-p 00000000 00:00 0 
7f9768021000-7f976c000000 ---p 00000000 00:00 0 
7f976c000000-7f976c021000 rw-p 00000000 00:00 0 
7f976c021000-7f9770000000 ---p 00000000 00:00 0 
7f9770000000-7f977028b000 rw-p 00000000 00:00 0 
7f977028b000-7f9774000000 ---p 00000000 00:00 0 
7f9774000000-7f9774021000 rw-p 00000000 00:00 0 
7f9774021000-7f9778000000 ---p 00000000 00:00 0 
7f9778000000-7f9778021000 rw-p 00000000 00:00 0 
7f9778021000-7f977c000000 ---p 00000000 00:00 0 
7f977c000000-7f977c021000 rw-p 00000000 00:00 0 
7f977c021000-7f9780000000 ---p 00000000 00:00 0 
7f9780000000-7f9780021000 rw-p 00000000 00:00 0 
7f9780021000-7f9784000000 ---p 00000000 00:00 0 
7f978641d000-7f9786420000 ---p 00000000 00:00 0 
7f9786420000-7f978651e000 rw-p 00000000 00:00 0                          [stack:13495]
7f978651e000-7f9786521000 ---p 00000000 00:00 0 
7f9786521000-7f978661f000 rw-p 00000000 00:00 0                          [stack:13494]
7f978661f000-7f9786622000 ---p 00000000 00:00 0 
7f9786622000-7f9786720000 rw-p 00000000 00:00 0                          [stack:13493]
7f9786720000-7f9786723000 ---p 00000000 00:00 0 
7f9786723000-7f9786821000 rw-p 00000000 00:00 0                          [stack:13492]
7f9786821000-7f9786824000 ---p 00000000 00:00 0 
7f9786824000-7f9786922000 rw-p 00000000 00:00 0                          [stack:13491]
7f9786922000-7f9786923000 ---p 00000000 00:00 0 
7f9786923000-7f9786a23000 rw-p 00000000 00:00 0                          [stack:13490]
7f9786a23000-7f9786a26000 ---p 00000000 00:00 0 
7f9786a26000-7f9786b24000 rw-p 00000000 00:00 0                          [stack:13489]
7f9786b24000-7f9786b27000 ---p 00000000 00:00 0 
7f9786b27000-7f9786c25000 rw-p 00000000 00:00 0                          [stack:13488]
7f9786c25000-7f9786c28000 ---p 00000000 00:00 0 
7f9786c28000-7f9786d26000 rw-p 00000000 00:00 0                          [stack:13487]
7f9786d26000-7f9786d29000 ---p 00000000 00:00 0 
7f9786d29000-7f9786e27000 rw-p 00000000 00:00 0                          [stack:13486]
7f9786e27000-7f9786e2a000 ---p 00000000 00:00 0 
7f9786e2a000-7f9786f28000 rw-p 00000000 00:00 0                          [stack:13485]
7f9786f28000-7f97871f1000 r--p 00000000 08:05 12327194                   /usr/lib/locale/locale-archive
7f97871f2000-7f97871f5000 ---p 00000000 00:00 0 
7f97871f5000-7f97872f3000 rw-p 00000000 00:00 0                          [stack:13484]
7f97872f3000-7f97872f6000 ---p 00000000 00:00 0 
7f97872f6000-7f97873f4000 rw-p 00000000 00:00 0                          [stack:13483]
7f97873f4000-7f97873f5000 ---p 00000000 00:00 0 
7f97873f5000-7f9788000000 rw-p 00000000 00:00 0                          [stack:13482]
7f9788000000-7f9788021000 rw-p 00000000 00:00 0 
7f9788021000-7f978c000000 ---p 00000000 00:00 0 
7f978c00f000-7f978c01e000 r--s 000df000 08:05 5637954                    /home/nandagopal/Android/Sdk/build-tools/23.0.2/lib/dx.jar
7f978c023000-7f978c427000 rw-p 00000000 00:00 0 
7f978c427000-7f978c5ff000 r--s 03d17000 08:05 15991428                   /opt/java/jdk1.8.0_60/jre/lib/rt.jar
7f978c600000-7f978cc80000 rw-p 00000000 00:00 0 
7f978cc80000-7f978ce00000 ---p 00000000 00:00 0 
7f978ce00000-7f978d000000 rw-p 00000000 00:00 0 
7f978d000000-7f978d7b0000 rwxp 00000000 00:00 0 
7f978d7b0000-7f979c000000 ---p 00000000 00:00 0 
7f979c000000-7f979c3a3000 rw-p 00000000 00:00 0 
7f979c3a3000-7f97a0000000 ---p 00000000 00:00 0 
7f97a0011000-7f97a0012000 r--s 00021000 08:03 947798                     /media/nandagopal/1ABEEBEDBEEBBF7F/WorkSpace Android/Goounj/Goounj New/goounj-android/app/build/intermediates/pre-dexed/debug/classes-09b98c8307f2389d67980fbf1dddd860b78705b2.jar
7f97a0012000-7f97a212d000 rw-p 00000000 00:00 0 
7f97a212d000-7f97a212e000 ---p 00000000 00:00 0 
7f97a212e000-7f97a222e000 rw-p 00000000 00:00 0                          [stack:13481]
7f97a222e000-7f97a222f000 ---p 00000000 00:00 0 
7f97a222f000-7f97a232f000 rw-p 00000000 00:00 0                          [stack:13480]
7f97a232f000-7f97a2330000 ---p 00000000 00:00 0 
7f97a2330000-7f97a2430000 rw-p 00000000 00:00 0                          [stack:13479]
7f97a2430000-7f97a2431000 ---p 00000000 00:00 0 
7f97a2431000-7f97a255a000 rw-p 00000000 00:00 0                          [stack:13478]
7f97a255a000-7f97a2687000 ---p 00000000 00:00 0 
7f97a2687000-7f97a26b0000 rw-p 00000000 00:00 0 
7f97a26b0000-7f97a27dc000 ---p 00000000 00:00 0 
7f97a27dc000-7f97a281f000 rw-p 00000000 00:00 0 
7f97a281f000-7f97a2887000 ---p 00000000 00:00 0 
7f97a2887000-7f97a28a7000 rw-p 00000000 00:00 0 
7f97a28a7000-7f97a2c48000 ---p 00000000 00:00 0 
7f97a2c48000-7f97a2c62000 r-xp 00000000 08:05 15991378                   /opt/java/jdk1.8.0_60/jre/lib/amd64/libzip.so
7f97a2c62000-7f97a2e62000 ---p 0001a000 08:05 15991378                   /opt/java/jdk1.8.0_60/jre/lib/amd64/libzip.so
7f97a2e62000-7f97a2e63000 rw-p 0001a000 08:05 15991378                   /opt/java/jdk1.8.0_60/jre/lib/amd64/libzip.so
7f97a2e68000-7f97a2e73000 r-xp 00000000 08:05 13242601                   /lib/x86_64-linux-gnu/libnss_files-2.19.so
7f97a2e73000-7f97a3072000 ---p 0000b000 08:05 13242601                   /lib/x86_64-linux-gnu/libnss_files-2.19.so
7f97a3072000-7f97a3073000 r--p 0000a000 08:05 13242601                   /lib/x86_64-linux-gnu/libnss_files-2.19.so
7f97a3073000-7f97a3074000 rw-p 0000b000 08:05 13242601                   /lib/x86_64-linux-gnu/libnss_files-2.19.so
7f97a3078000-7f97a3083000 r-xp 00000000 08:05 13242611                   /lib/x86_64-linux-gnu/libnss_nis-2.19.so
7f97a3083000-7f97a3282000 ---p 0000b000 08:05 13242611                   /lib/x86_64-linux-gnu/libnss_nis-2.19.so
7f97a3282000-7f97a3283000 r--p 0000a000 08:05 13242611                   /lib/x86_64-linux-gnu/libnss_nis-2.19.so
7f97a3283000-7f97a3284000 rw-p 0000b000 08:05 13242611                   /lib/x86_64-linux-gnu/libnss_nis-2.19.so
7f97a3288000-7f97a329f000 r-xp 00000000 08:05 13242595                   /lib/x86_64-linux-gnu/libnsl-2.19.so
7f97a329f000-7f97a349e000 ---p 00017000 08:05 13242595                   /lib/x86_64-linux-gnu/libnsl-2.19.so
7f97a349e000-7f97a349f000 r--p 00016000 08:05 13242595                   /lib/x86_64-linux-gnu/libnsl-2.19.so
7f97a349f000-7f97a34a0000 rw-p 00017000 08:05 13242595                   /lib/x86_64-linux-gnu/libnsl-2.19.so
7f97a34a0000-7f97a34a2000 rw-p 00000000 00:00 0 
7f97a34a8000-7f97a34b1000 r-xp 00000000 08:05 13242597                   /lib/x86_64-linux-gnu/libnss_compat-2.19.so
7f97a34b1000-7f97a36b0000 ---p 00009000 08:05 13242597                   /lib/x86_64-linux-gnu/libnss_compat-2.19.so
7f97a36b0000-7f97a36b1000 r--p 00008000 08:05 13242597                   /lib/x86_64-linux-gnu/libnss_compat-2.19.so
7f97a36b1000-7f97a36b2000 rw-p 00009000 08:05 13242597                   /lib/x86_64-linux-gnu/libnss_compat-2.19.so
7f97a36b8000-7f97a36e2000 r-xp 00000000 08:05 15991356                   /opt/java/jdk1.8.0_60/jre/lib/amd64/libjava.so
7f97a36e2000-7f97a38e2000 ---p 0002a000 08:05 15991356                   /opt/java/jdk1.8.0_60/jre/lib/amd64/libjava.so
7f97a38e2000-7f97a38e4000 rw-p 0002a000 08:05 15991356                   /opt/java/jdk1.8.0_60/jre/lib/amd64/libjava.so
7f97a38e8000-7f97a38f5000 r-xp 00000000 08:05 15991372                   /opt/java/jdk1.8.0_60/jre/lib/amd64/libverify.so
7f97a38f5000-7f97a3af5000 ---p 0000d000 08:05 15991372                   /opt/java/jdk1.8.0_60/jre/lib/amd64/libverify.so
7f97a3af5000-7f97a3af7000 rw-p 0000d000 08:05 15991372                   /opt/java/jdk1.8.0_60/jre/lib/amd64/libverify.so
7f97a3af8000-7f97a3aff000 r-xp 00000000 08:05 13242654                   /lib/x86_64-linux-gnu/librt-2.19.so
7f97a3aff000-7f97a3cfe000 ---p 00007000 08:05 13242654                   /lib/x86_64-linux-gnu/librt-2.19.so
7f97a3cfe000-7f97a3cff000 r--p 00006000 08:05 13242654                   /lib/x86_64-linux-gnu/librt-2.19.so
7f97a3cff000-7f97a3d00000 rw-p 00007000 08:05 13242654                   /lib/x86_64-linux-gnu/librt-2.19.so
7f97a3d00000-7f97a3e05000 r-xp 00000000 08:05 13242576                   /lib/x86_64-linux-gnu/libm-2.19.so
7f97a3e05000-7f97a4004000 ---p 00105000 08:05 13242576                   /lib/x86_64-linux-gnu/libm-2.19.so
7f97a4004000-7f97a4005000 r--p 00104000 08:05 13242576                   /lib/x86_64-linux-gnu/libm-2.19.so
7f97a4005000-7f97a4006000 rw-p 00105000 08:05 13242576                   /lib/x86_64-linux-gnu/libm-2.19.so
7f97a4008000-7f97a4cc6000 r-xp 00000000 08:05 15991394                   /opt/java/jdk1.8.0_60/jre/lib/amd64/server/libjvm.so
7f97a4cc6000-7f97a4ec5000 ---p 00cbe000 08:05 15991394                   /opt/java/jdk1.8.0_60/jre/lib/amd64/server/libjvm.so
7f97a4ec5000-7f97a4f9d000 rw-p 00cbd000 08:05 15991394                   /opt/java/jdk1.8.0_60/jre/lib/amd64/server/libjvm.so
7f97a4f9d000-7f97a4fe2000 rw-p 00000000 00:00 0 
7f97a4fe8000-7f97a51a3000 r-xp 00000000 08:05 13242525                   /lib/x86_64-linux-gnu/libc-2.19.so
7f97a51a3000-7f97a53a2000 ---p 001bb000 08:05 13242525                   /lib/x86_64-linux-gnu/libc-2.19.so
7f97a53a2000-7f97a53a6000 r--p 001ba000 08:05 13242525                   /lib/x86_64-linux-gnu/libc-2.19.so
7f97a53a6000-7f97a53a8000 rw-p 001be000 08:05 13242525                   /lib/x86_64-linux-gnu/libc-2.19.so
7f97a53a8000-7f97a53ad000 rw-p 00000000 00:00 0 
7f97a53b0000-7f97a53b3000 r-xp 00000000 08:05 13242542                   /lib/x86_64-linux-gnu/libdl-2.19.so
7f97a53b3000-7f97a55b2000 ---p 00003000 08:05 13242542                   /lib/x86_64-linux-gnu/libdl-2.19.so
7f97a55b2000-7f97a55b3000 r--p 00002000 08:05 13242542                   /lib/x86_64-linux-gnu/libdl-2.19.so
7f97a55b3000-7f97a55b4000 rw-p 00003000 08:05 13242542                   /lib/x86_64-linux-gnu/libdl-2.19.so
7f97a55b8000-7f97a55cd000 r-xp 00000000 08:05 15861962                   /opt/java/jdk1.8.0_60/lib/amd64/jli/libjli.so
7f97a55cd000-7f97a57cd000 ---p 00015000 08:05 15861962                   /opt/java/jdk1.8.0_60/lib/amd64/jli/libjli.so
7f97a57cd000-7f97a57ce000 rw-p 00015000 08:05 15861962                   /opt/java/jdk1.8.0_60/lib/amd64/jli/libjli.so
7f97a57d0000-7f97a57e9000 r-xp 00000000 08:05 13242646                   /lib/x86_64-linux-gnu/libpthread-2.19.so
7f97a57e9000-7f97a59e8000 ---p 00019000 08:05 13242646                   /lib/x86_64-linux-gnu/libpthread-2.19.so
7f97a59e8000-7f97a59e9000 r--p 00018000 08:05 13242646                   /lib/x86_64-linux-gnu/libpthread-2.19.so
7f97a59e9000-7f97a59ea000 rw-p 00019000 08:05 13242646                   /lib/x86_64-linux-gnu/libpthread-2.19.so
7f97a59ea000-7f97a59ee000 rw-p 00000000 00:00 0 
7f97a59f0000-7f97a5a13000 r-xp 00000000 08:05 13242499                   /lib/x86_64-linux-gnu/ld-2.19.so
7f97a5a1a000-7f97a5b00000 rw-p 00000000 00:00 0 
7f97a5b00000-7f97a5b08000 rw-s 00000000 08:05 18358176                   /tmp/hsperfdata_nandagopal/13471
7f97a5b0e000-7f97a5b10000 rw-p 00000000 00:00 0 
7f97a5b10000-7f97a5b11000 ---p 00000000 00:00 0 
7f97a5b11000-7f97a5b14000 ---p 00000000 00:00 0 
7f97a5b14000-7f97a5c12000 rw-p 00000000 00:00 0                          [stack:13477]
7f97a5c12000-7f97a5c13000 r--p 00022000 08:05 13242499                   /lib/x86_64-linux-gnu/ld-2.19.so
7f97a5c13000-7f97a5c14000 rw-p 00023000 08:05 13242499                   /lib/x86_64-linux-gnu/ld-2.19.so
7f97a5c14000-7f97a5c17000 rw-p 00000000 00:00 0 
7f97a5c17000-7f97a5c1b000 rw-p 00000000 00:00 0 
7fffbf55c000-7fffbf57f000 rw-p 00000000 00:00 0                          [stack]
7fffbf5c8000-7fffbf5ca000 r-xp 00000000 00:00 0                          [vdso]
7fffbf5ca000-7fffbf5cc000 r--p 00000000 00:00 0                          [vvar]
ffffffffff600000-ffffffffff601000 r-xp 00000000 00:00 0                  [vsyscall]

VM Arguments:
jvm_args: -Xmx1024M -Dfile.encoding=UTF-8 -Duser.country=IN -Duser.language=en -Duser.variant 
java_command: com.android.dx.command.Main --dex --num-threads=4 --output /media/nandagopal/1ABEEBEDBEEBBF7F/WorkSpace Android/Goounj/Goounj New/goounj-android/app/build/intermediates/dex/debug /media/nandagopal/1ABEEBEDBEEBBF7F/WorkSpace Android/Goounj/Goounj New/goounj-android/app/build/intermediates/classes/debug /media/nandagopal/1ABEEBEDBEEBBF7F/WorkSpace Android/Goounj/Goounj New/goounj-android/app/build/intermediates/pre-dexed/debug/support-annotations-23.1.1-236d1f22dca5c8f5c82abdf5c56205b668a23e56.jar /media/nandagopal/1ABEEBEDBEEBBF7F/WorkSpace Android/Goounj/Goounj New/goounj-android/app/build/intermediates/pre-dexed/debug/classes-3b722a953e27a7eec6cb5a58a30e4db959016268.jar /media/nandagopal/1ABEEBEDBEEBBF7F/WorkSpace Android/Goounj/Goounj New/goounj-android/app/build/intermediates/pre-dexed/debug/classes-cb449ee17dda1d550fcbd32bd6d3884768473f23.jar /media/nandagopal/1ABEEBEDBEEBBF7F/WorkSpace Android/Goounj/Goounj New/goounj-android/app/build/intermediates/pre-dexed/debug/internal_impl-22.2.0-5394c817a4e4c79730d9340017da613c6ffce9ca.jar /media/nandagopal/1ABEEBEDBEEBBF7F/WorkSpace Android/Goounj/Goounj New/goounj-android/app/build/intermediates/pre-dexed/debug/classes-4ddf57938e6c9ba33544e8bac19594c4fc271281.jar /media/nandagopal/1ABEEBEDBEEBBF7F/WorkSpace Android/Goounj/Goounj New/goounj-android/app/build/intermediates/pre-dexed/debug/classes-39402a35d21d3a1a8ddfbaf5947a84598f613dda.jar /media/nandagopal/1ABEEBEDBEEBBF7F/WorkSpace Android/Goounj/Goounj New/goounj-android/app/build/intermediates/pre-dexed/debug/classes-6581142d2bd6aa52bd391aee6b6696ae1423694f.jar /media/nandagopal/1ABEEBEDBEEBBF7F/WorkSpace Android/Goounj/Goounj New/goounj-android/app/build/intermediates/pre-dexed/debug/classes-96722aa56e5430e1d2f1b2f28cfc41835b3fe604.jar /media/nandagopal/1ABEEBEDBEEBBF7F/WorkSpace Android/Goounj/Goounj New/goounj-android/app/build/intermediates/pre-dexed/debug/classes-65c4d0d9b8998c7751ea9913a9373d361da1bbd7.jar /media/nandagopal/1ABEEBEDBEEBBF7F/Wor
java_class_path (initial): /home/nandagopal/Android/Sdk/build-tools/23.0.2/lib/dx.jar
Launcher Type: SUN_STANDARD

Environment Variables:
PATH=/usr/local/sbin:/usr/local/bin:/usr/sbin:/usr/bin:/sbin:/bin:/usr/games:/usr/local/games
USERNAME=nandagopal
LD_LIBRARY_PATH=/home/nandagopal/Downloads/android-studio/bin:
SHELL=/bin/bash
DISPLAY=:0

Signal Handlers:
SIGSEGV: [libjvm.so+0xaba070], sa_mask[0]=11111111011111111101111111111110, sa_flags=SA_RESTART|SA_SIGINFO
SIGBUS: [libjvm.so+0xaba070], sa_mask[0]=11111111011111111101111111111110, sa_flags=SA_RESTART|SA_SIGINFO
SIGFPE: [libjvm.so+0x917630], sa_mask[0]=11111111011111111101111111111110, sa_flags=SA_RESTART|SA_SIGINFO
SIGPIPE: [libjvm.so+0x917630], sa_mask[0]=11111111011111111101111111111110, sa_flags=SA_RESTART|SA_SIGINFO
SIGXFSZ: [libjvm.so+0x917630], sa_mask[0]=11111111011111111101111111111110, sa_flags=SA_RESTART|SA_SIGINFO
SIGILL: [libjvm.so+0x917630], sa_mask[0]=11111111011111111101111111111110, sa_flags=SA_RESTART|SA_SIGINFO
SIGUSR1: SIG_DFL, sa_mask[0]=00000000000000000000000000000000, sa_flags=none
SIGUSR2: [libjvm.so+0x918c60], sa_mask[0]=00100000000000000000000000000000, sa_flags=SA_RESTART|SA_SIGINFO
SIGHUP: [libjvm.so+0x91a060], sa_mask[0]=11111111011111111101111111111110, sa_flags=SA_RESTART|SA_SIGINFO
SIGINT: [libjvm.so+0x91a060], sa_mask[0]=11111111011111111101111111111110, sa_flags=SA_RESTART|SA_SIGINFO
SIGTERM: [libjvm.so+0x91a060], sa_mask[0]=11111111011111111101111111111110, sa_flags=SA_RESTART|SA_SIGINFO
SIGQUIT: [libjvm.so+0x91a060], sa_mask[0]=11111111011111111101111111111110, sa_flags=SA_RESTART|SA_SIGINFO


---------------  S Y S T E M  ---------------

OS:DISTRIB_ID=LinuxMint
DISTRIB_RELEASE=17.2
DISTRIB_CODENAME=rafaela
DISTRIB_DESCRIPTION="Linux Mint 17.2 Rafaela"

uname:Linux 3.16.0-38-generic #52~14.04.1-Ubuntu SMP Fri May 8 09:43:57 UTC 2015 x86_64
libc:glibc 2.19 NPTL 2.19 
rlimit: STACK 8192k, CORE 0k, NPROC 30482, NOFILE 4096, AS infinity
load average:5.13 2.45 1.42

/proc/meminfo:
MemTotal:        7900616 kB
MemFree:          131072 kB
MemAvailable:     113464 kB
Buffers:           13824 kB
Cached:           163548 kB
SwapCached:            0 kB
Active:          7273796 kB
Inactive:         139452 kB
Active(anon):    7237412 kB
Inactive(anon):    99956 kB
Active(file):      36384 kB
Inactive(file):    39496 kB
Unevictable:          40 kB
Mlocked:              40 kB
SwapTotal:             0 kB
SwapFree:              0 kB
Dirty:               616 kB
Writeback:             0 kB
AnonPages:       7236012 kB
Mapped:           151464 kB
Shmem:            101356 kB
Slab:             102984 kB
SReclaimable:      57844 kB
SUnreclaim:        45140 kB
KernelStack:       13568 kB
PageTables:        52968 kB
NFS_Unstable:          0 kB
Bounce:                0 kB
WritebackTmp:          0 kB
CommitLimit:     3950308 kB
Committed_AS:   12327520 kB
VmallocTotal:   34359738367 kB
VmallocUsed:      290780 kB
VmallocChunk:   34359431308 kB
HardwareCorrupted:     0 kB
AnonHugePages:   3366912 kB
HugePages_Total:       0
HugePages_Free:        0
HugePages_Rsvd:        0
HugePages_Surp:        0
Hugepagesize:       2048 kB
DirectMap4k:       82432 kB
DirectMap2M:     3831808 kB
DirectMap1G:     4194304 kB


CPU:total 4 (4 cores per cpu, 1 threads per core) family 21 model 2 stepping 0, cmov, cx8, fxsr, mmx, sse, sse2, sse3, ssse3, sse4.1, sse4.2, popcnt, avx, aes, clmul, mmxext, 3dnowpref, lzcnt, sse4a, tsc, tscinvbit, tscinv, bmi1

/proc/cpuinfo:
processor	: 0
vendor_id	: AuthenticAMD
cpu family	: 21
model		: 2
model name	: AMD FX(tm)-4300 Quad-Core Processor
stepping	: 0
microcode	: 0x600081c
cpu MHz		: 3800.000
cache size	: 2048 KB
physical id	: 0
siblings	: 4
core id		: 0
cpu cores	: 2
apicid		: 16
initial apicid	: 0
fpu		: yes
fpu_exception	: yes
cpuid level	: 13
wp		: yes
flags		: fpu vme de pse tsc msr pae mce cx8 apic sep mtrr pge mca cmov pat pse36 clflush mmx fxsr sse sse2 ht syscall nx mmxext fxsr_opt pdpe1gb rdtscp lm constant_tsc rep_good nopl nonstop_tsc extd_apicid aperfmperf pni pclmulqdq monitor ssse3 fma cx16 sse4_1 sse4_2 popcnt aes xsave avx f16c lahf_lm cmp_legacy svm extapic cr8_legacy abm sse4a misalignsse 3dnowprefetch osvw ibs xop skinit wdt lwp fma4 tce nodeid_msr tbm topoext perfctr_core perfctr_nb arat cpb hw_pstate npt lbrv svm_lock nrip_save tsc_scale vmcb_clean flushbyasid decodeassists pausefilter pfthreshold vmmcall bmi1
bogomips	: 7633.86
TLB size	: 1536 4K pages
clflush size	: 64
cache_alignment	: 64
address sizes	: 48 bits physical, 48 bits virtual
power management: ts ttp tm 100mhzsteps hwpstate cpb eff_freq_ro

processor	: 1
vendor_id	: AuthenticAMD
cpu family	: 21
model		: 2
model name	: AMD FX(tm)-4300 Quad-Core Processor            
stepping	: 0
microcode	: 0x600081c
cpu MHz		: 3800.000
cache size	: 2048 KB
physical id	: 0
siblings	: 4
core id		: 1
cpu cores	: 2
apicid		: 17
initial apicid	: 1
fpu		: yes
fpu_exception	: yes
cpuid level	: 13
wp		: yes
flags		: fpu vme de pse tsc msr pae mce cx8 apic sep mtrr pge mca cmov pat pse36 clflush mmx fxsr sse sse2 ht syscall nx mmxext fxsr_opt pdpe1gb rdtscp lm constant_tsc rep_good nopl nonstop_tsc extd_apicid aperfmperf pni pclmulqdq monitor ssse3 fma cx16 sse4_1 sse4_2 popcnt aes xsave avx f16c lahf_lm cmp_legacy svm extapic cr8_legacy abm sse4a misalignsse 3dnowprefetch osvw ibs xop skinit wdt lwp fma4 tce nodeid_msr tbm topoext perfctr_core perfctr_nb arat cpb hw_pstate npt lbrv svm_lock nrip_save tsc_scale vmcb_clean flushbyasid decodeassists pausefilter pfthreshold vmmcall bmi1
bogomips	: 7633.86
TLB size	: 1536 4K pages
clflush size	: 64
cache_alignment	: 64
address sizes	: 48 bits physical, 48 bits virtual
power management: ts ttp tm 100mhzsteps hwpstate cpb eff_freq_ro

processor	: 2
vendor_id	: AuthenticAMD
cpu family	: 21
model		: 2
model name	: AMD FX(tm)-4300 Quad-Core Processor            
stepping	: 0
microcode	: 0x600081c
cpu MHz		: 3800.000
cache size	: 2048 KB
physical id	: 0
siblings	: 4
core id		: 2
cpu cores	: 2
apicid		: 18
initial apicid	: 2
fpu		: yes
fpu_exception	: yes
cpuid level	: 13
wp		: yes
flags		: fpu vme de pse tsc msr pae mce cx8 apic sep mtrr pge mca cmov pat pse36 clflush mmx fxsr sse sse2 ht syscall nx mmxext fxsr_opt pdpe1gb rdtscp lm constant_tsc rep_good nopl nonstop_tsc extd_apicid aperfmperf pni pclmulqdq monitor ssse3 fma cx16 sse4_1 sse4_2 popcnt aes xsave avx f16c lahf_lm cmp_legacy svm extapic cr8_legacy abm sse4a misalignsse 3dnowprefetch osvw ibs xop skinit wdt lwp fma4 tce nodeid_msr tbm topoext perfctr_core perfctr_nb arat cpb hw_pstate npt lbrv svm_lock nrip_save tsc_scale vmcb_clean flushbyasid decodeassists pausefilter pfthreshold vmmcall bmi1
bogomips	: 7633.86
TLB size	: 1536 4K pages
clflush size	: 64
cache_alignment	: 64
address sizes	: 48 bits physical, 48 bits virtual
power management: ts ttp tm 100mhzsteps hwpstate cpb eff_freq_ro

processor	: 3
vendor_id	: AuthenticAMD
cpu family	: 21
model		: 2
model name	: AMD FX(tm)-4300 Quad-Core Processor            
stepping	: 0
microcode	: 0x600081c
cpu MHz		: 3800.000
cache size	: 2048 KB
physical id	: 0
siblings	: 4
core id		: 3
cpu cores	: 2
apicid		: 19
initial apicid	: 3
fpu		: yes
fpu_exception	: yes
cpuid level	: 13
wp		: yes
flags		: fpu vme de pse tsc msr pae mce cx8 apic sep mtrr pge mca cmov pat pse36 clflush mmx fxsr sse sse2 ht syscall nx mmxext fxsr_opt pdpe1gb rdtscp lm constant_tsc rep_good nopl nonstop_tsc extd_apicid aperfmperf pni pclmulqdq monitor ssse3 fma cx16 sse4_1 sse4_2 popcnt aes xsave avx f16c lahf_lm cmp_legacy svm extapic cr8_legacy abm sse4a misalignsse 3dnowprefetch osvw ibs xop skinit wdt lwp fma4 tce nodeid_msr tbm topoext perfctr_core perfctr_nb arat cpb hw_pstate npt lbrv svm_lock nrip_save tsc_scale vmcb_clean flushbyasid decodeassists pausefilter pfthreshold vmmcall bmi1
bogomips	: 7633.86
TLB size	: 1536 4K pages
clflush size	: 64
cache_alignment	: 64
address sizes	: 48 bits physical, 48 bits virtual
power management: ts ttp tm 100mhzsteps hwpstate cpb eff_freq_ro



Memory: 4k page, physical 7900616k(131072k free), swap 0k(0k free)

vm_info: Java HotSpot(TM) 64-Bit Server VM (25.60-b23) for linux-amd64 JRE (1.8.0_60-b27), built on Aug  4 2015 12:19:40 by "java_re" with gcc 4.3.0 20080428 (Red Hat 4.3.0-8)

time: Fri Feb 12 16:11:11 2016
elapsed time: 12 seconds (0d 0h 0m 12s)

